<?xml version="1.0" encoding="UTF-8"?>
<testsuite xmlns:xsi="http://www.w3.org/2001/XMLSchema-instance" xsi:noNamespaceSchemaLocation="https://maven.apache.org/surefire/maven-surefire-plugin/xsd/surefire-test-report.xsd" version="3.0.2" name="cn.kyc.dandanxia.framework.datapermission.core.db.DataPermissionRuleHandlerTest" time="0.236" tests="23" errors="0" skipped="0" failures="0">
  <properties>
[...]
</properties>
  <testcase name="selectRightJoin" classname="cn.kyc.dandanxia.framework.datapermission.core.db.DataPermissionRuleHandlerTest" time="0.126">
    <system-out><![CDATA[04:26:06.325 [main] DEBUG org.apache.ibatis.logging.LogFactory - Logging initialized using 'class org.apache.ibatis.logging.slf4j.Slf4jImpl' adapter.
04:26:06.345 [main] DEBUG com.baomidou.mybatisplus.extension.plugins.inner.DataPermissionInterceptor - original SQL: SELECT * FROM entity e right join entity1 e1 on e1.id = e.id
04:26:06.375 [main] DEBUG com.baomidou.mybatisplus.extension.plugins.inner.DataPermissionInterceptor - SQL to parse, SQL: SELECT * FROM entity e right join entity1 e1 on e1.id = e.id
04:26:06.382 [main] DEBUG com.baomidou.mybatisplus.extension.plugins.inner.DataPermissionInterceptor - parse the finished SQL: SELECT * FROM entity e RIGHT JOIN entity1 e1 ON e1.id = e.id AND e.tenant_id = 1 WHERE e1.tenant_id = 1
04:26:06.382 [main] DEBUG com.baomidou.mybatisplus.extension.plugins.inner.DataPermissionInterceptor - original SQL: SELECT * FROM with_as_1 e right join entity1 e1 on e1.id = e.id
04:26:06.382 [main] DEBUG com.baomidou.mybatisplus.extension.plugins.inner.DataPermissionInterceptor - SQL to parse, SQL: SELECT * FROM with_as_1 e right join entity1 e1 on e1.id = e.id
04:26:06.384 [main] DEBUG com.baomidou.mybatisplus.extension.plugins.inner.DataPermissionInterceptor - parse the finished SQL: SELECT * FROM with_as_1 e RIGHT JOIN entity1 e1 ON e1.id = e.id WHERE e1.tenant_id = 1
04:26:06.384 [main] DEBUG com.baomidou.mybatisplus.extension.plugins.inner.DataPermissionInterceptor - original SQL: SELECT * FROM entity e right join entity1 e1 on e1.id = e.id WHERE e.id = ? OR e.name = ?
04:26:06.385 [main] DEBUG com.baomidou.mybatisplus.extension.plugins.inner.DataPermissionInterceptor - SQL to parse, SQL: SELECT * FROM entity e right join entity1 e1 on e1.id = e.id WHERE e.id = ? OR e.name = ?
04:26:06.386 [main] DEBUG com.baomidou.mybatisplus.extension.plugins.inner.DataPermissionInterceptor - parse the finished SQL: SELECT * FROM entity e RIGHT JOIN entity1 e1 ON e1.id = e.id AND e.tenant_id = 1 WHERE (e.id = ? OR e.name = ?) AND e1.tenant_id = 1
04:26:06.386 [main] DEBUG com.baomidou.mybatisplus.extension.plugins.inner.DataPermissionInterceptor - original SQL: SELECT * FROM entity e right join entity1 e1 on e1.id = e.id right join entity2 e2 on e1.id = e2.id 
04:26:06.386 [main] DEBUG com.baomidou.mybatisplus.extension.plugins.inner.DataPermissionInterceptor - SQL to parse, SQL: SELECT * FROM entity e right join entity1 e1 on e1.id = e.id right join entity2 e2 on e1.id = e2.id 
04:26:06.387 [main] DEBUG com.baomidou.mybatisplus.extension.plugins.inner.DataPermissionInterceptor - parse the finished SQL: SELECT * FROM entity e RIGHT JOIN entity1 e1 ON e1.id = e.id AND e.tenant_id = 1 RIGHT JOIN entity2 e2 ON e1.id = e2.id AND e1.tenant_id = 1 WHERE e2.tenant_id = 1
]]></system-out>
  </testcase>
  <testcase name="selectFromSelect" classname="cn.kyc.dandanxia.framework.datapermission.core.db.DataPermissionRuleHandlerTest" time="0.006">
    <system-out><![CDATA[04:26:06.390 [main] DEBUG com.baomidou.mybatisplus.extension.plugins.inner.DataPermissionInterceptor - original SQL: SELECT * FROM (select e.id from entity e WHERE e.id = (select e1.id from entity1 e1 where e1.id = ?))
04:26:06.391 [main] DEBUG com.baomidou.mybatisplus.extension.plugins.inner.DataPermissionInterceptor - SQL to parse, SQL: SELECT * FROM (select e.id from entity e WHERE e.id = (select e1.id from entity1 e1 where e1.id = ?))
04:26:06.392 [main] DEBUG com.baomidou.mybatisplus.extension.plugins.inner.DataPermissionInterceptor - parse the finished SQL: SELECT * FROM (SELECT e.id FROM entity e WHERE e.id = (SELECT e1.id FROM entity1 e1 WHERE e1.id = ? AND e1.tenant_id = 1) AND e.tenant_id = 1)
]]></system-out>
  </testcase>
  <testcase name="selectLeftJoin" classname="cn.kyc.dandanxia.framework.datapermission.core.db.DataPermissionRuleHandlerTest" time="0.006">
    <system-out><![CDATA[04:26:06.396 [main] DEBUG com.baomidou.mybatisplus.extension.plugins.inner.DataPermissionInterceptor - original SQL: SELECT * FROM entity e left join entity1 e1 on e1.id = e.id WHERE e.id = ? OR e.name = ?
04:26:06.397 [main] DEBUG com.baomidou.mybatisplus.extension.plugins.inner.DataPermissionInterceptor - SQL to parse, SQL: SELECT * FROM entity e left join entity1 e1 on e1.id = e.id WHERE e.id = ? OR e.name = ?
04:26:06.397 [main] DEBUG com.baomidou.mybatisplus.extension.plugins.inner.DataPermissionInterceptor - parse the finished SQL: SELECT * FROM entity e LEFT JOIN entity1 e1 ON e1.id = e.id AND e1.tenant_id = 1 WHERE (e.id = ? OR e.name = ?) AND e.tenant_id = 1
04:26:06.397 [main] DEBUG com.baomidou.mybatisplus.extension.plugins.inner.DataPermissionInterceptor - original SQL: SELECT * FROM entity e left join entity1 e1 on e1.id = e.id WHERE (e.id = ? OR e.name = ?)
04:26:06.399 [main] DEBUG com.baomidou.mybatisplus.extension.plugins.inner.DataPermissionInterceptor - SQL to parse, SQL: SELECT * FROM entity e left join entity1 e1 on e1.id = e.id WHERE (e.id = ? OR e.name = ?)
04:26:06.399 [main] DEBUG com.baomidou.mybatisplus.extension.plugins.inner.DataPermissionInterceptor - parse the finished SQL: SELECT * FROM entity e LEFT JOIN entity1 e1 ON e1.id = e.id AND e1.tenant_id = 1 WHERE (e.id = ? OR e.name = ?) AND e.tenant_id = 1
04:26:06.399 [main] DEBUG com.baomidou.mybatisplus.extension.plugins.inner.DataPermissionInterceptor - original SQL: SELECT * FROM entity e left join entity1 e1 on e1.id = e.id left join entity2 e2 on e1.id = e2.id
04:26:06.400 [main] DEBUG com.baomidou.mybatisplus.extension.plugins.inner.DataPermissionInterceptor - SQL to parse, SQL: SELECT * FROM entity e left join entity1 e1 on e1.id = e.id left join entity2 e2 on e1.id = e2.id
04:26:06.400 [main] DEBUG com.baomidou.mybatisplus.extension.plugins.inner.DataPermissionInterceptor - parse the finished SQL: SELECT * FROM entity e LEFT JOIN entity1 e1 ON e1.id = e.id AND e1.tenant_id = 1 LEFT JOIN entity2 e2 ON e1.id = e2.id AND e2.tenant_id = 1 WHERE e.tenant_id = 1
]]></system-out>
  </testcase>
  <testcase name="delete" classname="cn.kyc.dandanxia.framework.datapermission.core.db.DataPermissionRuleHandlerTest" time="0.004">
    <system-out><![CDATA[04:26:06.403 [main] DEBUG com.baomidou.mybatisplus.extension.plugins.inner.DataPermissionInterceptor - original SQL: delete from entity where id = ?
04:26:06.404 [main] DEBUG com.baomidou.mybatisplus.extension.plugins.inner.DataPermissionInterceptor - SQL to parse, SQL: delete from entity where id = ?
04:26:06.405 [main] DEBUG com.baomidou.mybatisplus.extension.plugins.inner.DataPermissionInterceptor - parse the finished SQL: DELETE FROM entity WHERE id = ? AND entity.tenant_id = 1
]]></system-out>
  </testcase>
  <testcase name="testSelectInnerJoin" classname="cn.kyc.dandanxia.framework.datapermission.core.db.DataPermissionRuleHandlerTest" time="0.007">
    <system-out><![CDATA[04:26:06.407 [main] DEBUG com.baomidou.mybatisplus.extension.plugins.inner.DataPermissionInterceptor - original SQL: SELECT * FROM t_user e inner join entity1 e1 on e1.id = e.id WHERE e.id = ? OR e.name = ?
04:26:06.408 [main] DEBUG com.baomidou.mybatisplus.extension.plugins.inner.DataPermissionInterceptor - SQL to parse, SQL: SELECT * FROM t_user e inner join entity1 e1 on e1.id = e.id WHERE e.id = ? OR e.name = ?
04:26:06.410 [main] DEBUG com.baomidou.mybatisplus.extension.plugins.inner.DataPermissionInterceptor - parse the finished SQL: SELECT * FROM t_user e INNER JOIN entity1 e1 ON e1.id = e.id AND e.tenant_id = 1 AND e.dept_id IN (10, 20) AND e1.tenant_id = 1 WHERE e.id = ? OR e.name = ?
04:26:06.410 [main] DEBUG com.baomidou.mybatisplus.extension.plugins.inner.DataPermissionInterceptor - original SQL: SELECT * FROM t_user e inner join entity1 e1 on e1.id = e.id WHERE (e.id = ? OR e.name = ?)
04:26:06.411 [main] DEBUG com.baomidou.mybatisplus.extension.plugins.inner.DataPermissionInterceptor - SQL to parse, SQL: SELECT * FROM t_user e inner join entity1 e1 on e1.id = e.id WHERE (e.id = ? OR e.name = ?)
04:26:06.412 [main] DEBUG com.baomidou.mybatisplus.extension.plugins.inner.DataPermissionInterceptor - parse the finished SQL: SELECT * FROM t_user e INNER JOIN entity1 e1 ON e1.id = e.id AND e.tenant_id = 1 AND e.dept_id IN (10, 20) AND e1.tenant_id = 1 WHERE (e.id = ? OR e.name = ?)
04:26:06.412 [main] DEBUG com.baomidou.mybatisplus.extension.plugins.inner.DataPermissionInterceptor - original SQL: SELECT * FROM entity,entity1 WHERE entity.id = entity1.id
04:26:06.412 [main] DEBUG com.baomidou.mybatisplus.extension.plugins.inner.DataPermissionInterceptor - SQL to parse, SQL: SELECT * FROM entity,entity1 WHERE entity.id = entity1.id
04:26:06.412 [main] DEBUG com.baomidou.mybatisplus.extension.plugins.inner.DataPermissionInterceptor - parse the finished SQL: SELECT * FROM entity, entity1 WHERE entity.id = entity1.id AND entity.tenant_id = 1 AND entity1.tenant_id = 1
]]></system-out>
  </testcase>
  <testcase name="testSelectSingle" classname="cn.kyc.dandanxia.framework.datapermission.core.db.DataPermissionRuleHandlerTest" time="0.006">
    <system-out><![CDATA[04:26:06.415 [main] DEBUG com.baomidou.mybatisplus.extension.plugins.inner.DataPermissionInterceptor - original SQL: select * from t_user where id = ?
04:26:06.415 [main] DEBUG com.baomidou.mybatisplus.extension.plugins.inner.DataPermissionInterceptor - SQL to parse, SQL: select * from t_user where id = ?
04:26:06.416 [main] DEBUG com.baomidou.mybatisplus.extension.plugins.inner.DataPermissionInterceptor - parse the finished SQL: SELECT * FROM t_user WHERE id = ? AND t_user.tenant_id = 1 AND t_user.dept_id IN (10, 20)
04:26:06.416 [main] DEBUG com.baomidou.mybatisplus.extension.plugins.inner.DataPermissionInterceptor - original SQL: select * from t_user where id = ? or name = ?
04:26:06.416 [main] DEBUG com.baomidou.mybatisplus.extension.plugins.inner.DataPermissionInterceptor - SQL to parse, SQL: select * from t_user where id = ? or name = ?
04:26:06.416 [main] DEBUG com.baomidou.mybatisplus.extension.plugins.inner.DataPermissionInterceptor - parse the finished SQL: SELECT * FROM t_user WHERE (id = ? OR name = ?) AND t_user.tenant_id = 1 AND t_user.dept_id IN (10, 20)
04:26:06.416 [main] DEBUG com.baomidou.mybatisplus.extension.plugins.inner.DataPermissionInterceptor - original SQL: SELECT * FROM t_user WHERE (id = ? OR name = ?)
04:26:06.417 [main] DEBUG com.baomidou.mybatisplus.extension.plugins.inner.DataPermissionInterceptor - SQL to parse, SQL: SELECT * FROM t_user WHERE (id = ? OR name = ?)
04:26:06.417 [main] DEBUG com.baomidou.mybatisplus.extension.plugins.inner.DataPermissionInterceptor - parse the finished SQL: SELECT * FROM t_user WHERE (id = ? OR name = ?) AND t_user.tenant_id = 1 AND t_user.dept_id IN (10, 20)
04:26:06.417 [main] DEBUG com.baomidou.mybatisplus.extension.plugins.inner.DataPermissionInterceptor - original SQL: SELECT * FROM t_user WHERE not (id = ? OR name = ?)
04:26:06.419 [main] DEBUG com.baomidou.mybatisplus.extension.plugins.inner.DataPermissionInterceptor - SQL to parse, SQL: SELECT * FROM t_user WHERE not (id = ? OR name = ?)
04:26:06.419 [main] DEBUG com.baomidou.mybatisplus.extension.plugins.inner.DataPermissionInterceptor - parse the finished SQL: SELECT * FROM t_user WHERE NOT (id = ? OR name = ?) AND t_user.tenant_id = 1 AND t_user.dept_id IN (10, 20)
]]></system-out>
  </testcase>
  <testcase name="selectIgnoreTable" classname="cn.kyc.dandanxia.framework.datapermission.core.db.DataPermissionRuleHandlerTest" time="0.003">
    <system-out><![CDATA[04:26:06.421 [main] DEBUG com.baomidou.mybatisplus.extension.plugins.inner.DataPermissionInterceptor - original SQL:  SELECT dict.dict_code, item.item_text AS "text", item.item_value AS "value" FROM sys_dict_item item INNER JOIN sys_dict dict ON dict.id = item.dict_id WHERE dict.dict_code IN (1, 2, 3) AND item.item_value IN (1, 2, 3)
04:26:06.423 [main] DEBUG com.baomidou.mybatisplus.extension.plugins.inner.DataPermissionInterceptor - SQL to parse, SQL:  SELECT dict.dict_code, item.item_text AS "text", item.item_value AS "value" FROM sys_dict_item item INNER JOIN sys_dict dict ON dict.id = item.dict_id WHERE dict.dict_code IN (1, 2, 3) AND item.item_value IN (1, 2, 3)
04:26:06.423 [main] DEBUG com.baomidou.mybatisplus.extension.plugins.inner.DataPermissionInterceptor - parse the finished SQL: SELECT dict.dict_code, item.item_text AS "text", item.item_value AS "value" FROM sys_dict_item item INNER JOIN sys_dict dict ON dict.id = item.dict_id AND item.tenant_id = 1 WHERE dict.dict_code IN (1, 2, 3) AND item.item_value IN (1, 2, 3)
]]></system-out>
  </testcase>
  <testcase name="selectSubJoin" classname="cn.kyc.dandanxia.framework.datapermission.core.db.DataPermissionRuleHandlerTest" time="0.007">
    <system-out><![CDATA[04:26:06.425 [main] DEBUG com.baomidou.mybatisplus.extension.plugins.inner.DataPermissionInterceptor - original SQL: select * FROM (entity1 e1 right JOIN entity2 e2 ON e1.id = e2.id)
04:26:06.425 [main] DEBUG com.baomidou.mybatisplus.extension.plugins.inner.DataPermissionInterceptor - SQL to parse, SQL: select * FROM (entity1 e1 right JOIN entity2 e2 ON e1.id = e2.id)
04:26:06.426 [main] DEBUG com.baomidou.mybatisplus.extension.plugins.inner.DataPermissionInterceptor - parse the finished SQL: SELECT * FROM (entity1 e1 RIGHT JOIN entity2 e2 ON e1.id = e2.id AND e1.tenant_id = 1) WHERE e2.tenant_id = 1
04:26:06.426 [main] DEBUG com.baomidou.mybatisplus.extension.plugins.inner.DataPermissionInterceptor - original SQL: select * FROM (entity1 e1 LEFT JOIN entity2 e2 ON e1.id = e2.id)
04:26:06.426 [main] DEBUG com.baomidou.mybatisplus.extension.plugins.inner.DataPermissionInterceptor - SQL to parse, SQL: select * FROM (entity1 e1 LEFT JOIN entity2 e2 ON e1.id = e2.id)
04:26:06.426 [main] DEBUG com.baomidou.mybatisplus.extension.plugins.inner.DataPermissionInterceptor - parse the finished SQL: SELECT * FROM (entity1 e1 LEFT JOIN entity2 e2 ON e1.id = e2.id AND e2.tenant_id = 1) WHERE e1.tenant_id = 1
04:26:06.426 [main] DEBUG com.baomidou.mybatisplus.extension.plugins.inner.DataPermissionInterceptor - original SQL: select * FROM (entity1 e1 LEFT JOIN entity2 e2 ON e1.id = e2.id) right join entity3 e3 on e1.id = e3.id
04:26:06.427 [main] DEBUG com.baomidou.mybatisplus.extension.plugins.inner.DataPermissionInterceptor - SQL to parse, SQL: select * FROM (entity1 e1 LEFT JOIN entity2 e2 ON e1.id = e2.id) right join entity3 e3 on e1.id = e3.id
04:26:06.427 [main] DEBUG com.baomidou.mybatisplus.extension.plugins.inner.DataPermissionInterceptor - parse the finished SQL: SELECT * FROM (entity1 e1 LEFT JOIN entity2 e2 ON e1.id = e2.id AND e2.tenant_id = 1) RIGHT JOIN entity3 e3 ON e1.id = e3.id AND e1.tenant_id = 1 WHERE e3.tenant_id = 1
04:26:06.428 [main] DEBUG com.baomidou.mybatisplus.extension.plugins.inner.DataPermissionInterceptor - original SQL: select * FROM entity e LEFT JOIN (entity1 e1 right join entity2 e2 ON e1.id = e2.id) on e.id = e2.id
04:26:06.428 [main] DEBUG com.baomidou.mybatisplus.extension.plugins.inner.DataPermissionInterceptor - SQL to parse, SQL: select * FROM entity e LEFT JOIN (entity1 e1 right join entity2 e2 ON e1.id = e2.id) on e.id = e2.id
04:26:06.429 [main] DEBUG com.baomidou.mybatisplus.extension.plugins.inner.DataPermissionInterceptor - parse the finished SQL: SELECT * FROM entity e LEFT JOIN (entity1 e1 RIGHT JOIN entity2 e2 ON e1.id = e2.id AND e1.tenant_id = 1) ON e.id = e2.id AND e2.tenant_id = 1 WHERE e.tenant_id = 1
04:26:06.429 [main] DEBUG com.baomidou.mybatisplus.extension.plugins.inner.DataPermissionInterceptor - original SQL: select * FROM entity e LEFT JOIN (entity1 e1 left join entity2 e2 ON e1.id = e2.id) on e.id = e2.id
04:26:06.429 [main] DEBUG com.baomidou.mybatisplus.extension.plugins.inner.DataPermissionInterceptor - SQL to parse, SQL: select * FROM entity e LEFT JOIN (entity1 e1 left join entity2 e2 ON e1.id = e2.id) on e.id = e2.id
04:26:06.430 [main] DEBUG com.baomidou.mybatisplus.extension.plugins.inner.DataPermissionInterceptor - parse the finished SQL: SELECT * FROM entity e LEFT JOIN (entity1 e1 LEFT JOIN entity2 e2 ON e1.id = e2.id AND e2.tenant_id = 1) ON e.id = e2.id AND e1.tenant_id = 1 WHERE e.tenant_id = 1
04:26:06.430 [main] DEBUG com.baomidou.mybatisplus.extension.plugins.inner.DataPermissionInterceptor - original SQL: select * FROM entity e RIGHT JOIN (entity1 e1 left join entity2 e2 ON e1.id = e2.id) on e.id = e2.id
04:26:06.430 [main] DEBUG com.baomidou.mybatisplus.extension.plugins.inner.DataPermissionInterceptor - SQL to parse, SQL: select * FROM entity e RIGHT JOIN (entity1 e1 left join entity2 e2 ON e1.id = e2.id) on e.id = e2.id
04:26:06.431 [main] DEBUG com.baomidou.mybatisplus.extension.plugins.inner.DataPermissionInterceptor - parse the finished SQL: SELECT * FROM entity e RIGHT JOIN (entity1 e1 LEFT JOIN entity2 e2 ON e1.id = e2.id AND e2.tenant_id = 1) ON e.id = e2.id AND e.tenant_id = 1 WHERE e1.tenant_id = 1
]]></system-out>
  </testcase>
  <testcase name="selectInnerJoin" classname="cn.kyc.dandanxia.framework.datapermission.core.db.DataPermissionRuleHandlerTest" time="0.009">
    <system-out><![CDATA[04:26:06.433 [main] DEBUG com.baomidou.mybatisplus.extension.plugins.inner.DataPermissionInterceptor - original SQL: SELECT * FROM entity e inner join entity1 e1 on e1.id = e.id WHERE e.id = ? OR e.name = ?
04:26:06.433 [main] DEBUG com.baomidou.mybatisplus.extension.plugins.inner.DataPermissionInterceptor - SQL to parse, SQL: SELECT * FROM entity e inner join entity1 e1 on e1.id = e.id WHERE e.id = ? OR e.name = ?
04:26:06.434 [main] DEBUG com.baomidou.mybatisplus.extension.plugins.inner.DataPermissionInterceptor - parse the finished SQL: SELECT * FROM entity e INNER JOIN entity1 e1 ON e1.id = e.id AND e.tenant_id = 1 AND e1.tenant_id = 1 WHERE e.id = ? OR e.name = ?
04:26:06.434 [main] DEBUG com.baomidou.mybatisplus.extension.plugins.inner.DataPermissionInterceptor - original SQL: SELECT * FROM entity e inner join entity1 e1 on e1.id = e.id WHERE (e.id = ? OR e.name = ?)
04:26:06.434 [main] DEBUG com.baomidou.mybatisplus.extension.plugins.inner.DataPermissionInterceptor - SQL to parse, SQL: SELECT * FROM entity e inner join entity1 e1 on e1.id = e.id WHERE (e.id = ? OR e.name = ?)
04:26:06.434 [main] DEBUG com.baomidou.mybatisplus.extension.plugins.inner.DataPermissionInterceptor - parse the finished SQL: SELECT * FROM entity e INNER JOIN entity1 e1 ON e1.id = e.id AND e.tenant_id = 1 AND e1.tenant_id = 1 WHERE (e.id = ? OR e.name = ?)
04:26:06.434 [main] DEBUG com.baomidou.mybatisplus.extension.plugins.inner.DataPermissionInterceptor - original SQL: SELECT * FROM entity,entity1 WHERE entity.id = entity1.id
04:26:06.434 [main] DEBUG com.baomidou.mybatisplus.extension.plugins.inner.DataPermissionInterceptor - SQL to parse, SQL: SELECT * FROM entity,entity1 WHERE entity.id = entity1.id
04:26:06.434 [main] DEBUG com.baomidou.mybatisplus.extension.plugins.inner.DataPermissionInterceptor - parse the finished SQL: SELECT * FROM entity, entity1 WHERE entity.id = entity1.id AND entity.tenant_id = 1 AND entity1.tenant_id = 1
04:26:06.434 [main] DEBUG com.baomidou.mybatisplus.extension.plugins.inner.DataPermissionInterceptor - original SQL: SELECT * FROM entity a, with_as_entity1 b WHERE a.id = b.id
04:26:06.435 [main] DEBUG com.baomidou.mybatisplus.extension.plugins.inner.DataPermissionInterceptor - SQL to parse, SQL: SELECT * FROM entity a, with_as_entity1 b WHERE a.id = b.id
04:26:06.435 [main] DEBUG com.baomidou.mybatisplus.extension.plugins.inner.DataPermissionInterceptor - parse the finished SQL: SELECT * FROM entity a, with_as_entity1 b WHERE a.id = b.id AND a.tenant_id = 1
04:26:06.435 [main] DEBUG com.baomidou.mybatisplus.extension.plugins.inner.DataPermissionInterceptor - original SQL: SELECT * FROM with_as_entity a, with_as_entity1 b WHERE a.id = b.id
04:26:06.435 [main] DEBUG com.baomidou.mybatisplus.extension.plugins.inner.DataPermissionInterceptor - SQL to parse, SQL: SELECT * FROM with_as_entity a, with_as_entity1 b WHERE a.id = b.id
04:26:06.436 [main] DEBUG com.baomidou.mybatisplus.extension.plugins.inner.DataPermissionInterceptor - parse the finished SQL: SELECT * FROM with_as_entity a, with_as_entity1 b WHERE a.id = b.id
04:26:06.436 [main] DEBUG com.baomidou.mybatisplus.extension.plugins.inner.DataPermissionInterceptor - original SQL: SELECT * FROM (entity,entity1) WHERE entity.id = entity1.id
04:26:06.436 [main] DEBUG com.baomidou.mybatisplus.extension.plugins.inner.DataPermissionInterceptor - SQL to parse, SQL: SELECT * FROM (entity,entity1) WHERE entity.id = entity1.id
04:26:06.437 [main] DEBUG com.baomidou.mybatisplus.extension.plugins.inner.DataPermissionInterceptor - parse the finished SQL: SELECT * FROM (entity, entity1) WHERE entity.id = entity1.id AND entity.tenant_id = 1 AND entity1.tenant_id = 1
04:26:06.437 [main] DEBUG com.baomidou.mybatisplus.extension.plugins.inner.DataPermissionInterceptor - original SQL: SELECT * FROM ((entity,entity1),entity2) WHERE entity.id = entity1.id and entity.id = entity2.id
04:26:06.437 [main] DEBUG com.baomidou.mybatisplus.extension.plugins.inner.DataPermissionInterceptor - SQL to parse, SQL: SELECT * FROM ((entity,entity1),entity2) WHERE entity.id = entity1.id and entity.id = entity2.id
04:26:06.438 [main] DEBUG com.baomidou.mybatisplus.extension.plugins.inner.DataPermissionInterceptor - parse the finished SQL: SELECT * FROM ((entity, entity1), entity2) WHERE entity.id = entity1.id AND entity.id = entity2.id AND entity.tenant_id = 1 AND entity1.tenant_id = 1 AND entity2.tenant_id = 1
04:26:06.438 [main] DEBUG com.baomidou.mybatisplus.extension.plugins.inner.DataPermissionInterceptor - original SQL: SELECT * FROM (entity,(entity1,entity2)) WHERE entity.id = entity1.id and entity.id = entity2.id
04:26:06.438 [main] DEBUG com.baomidou.mybatisplus.extension.plugins.inner.DataPermissionInterceptor - SQL to parse, SQL: SELECT * FROM (entity,(entity1,entity2)) WHERE entity.id = entity1.id and entity.id = entity2.id
04:26:06.438 [main] DEBUG com.baomidou.mybatisplus.extension.plugins.inner.DataPermissionInterceptor - parse the finished SQL: SELECT * FROM (entity, (entity1, entity2)) WHERE entity.id = entity1.id AND entity.id = entity2.id AND entity.tenant_id = 1 AND entity1.tenant_id = 1 AND entity2.tenant_id = 1
04:26:06.438 [main] DEBUG com.baomidou.mybatisplus.extension.plugins.inner.DataPermissionInterceptor - original SQL: SELECT * FROM (((entity,entity1))) WHERE entity.id = entity1.id
04:26:06.439 [main] DEBUG com.baomidou.mybatisplus.extension.plugins.inner.DataPermissionInterceptor - SQL to parse, SQL: SELECT * FROM (((entity,entity1))) WHERE entity.id = entity1.id
04:26:06.439 [main] DEBUG com.baomidou.mybatisplus.extension.plugins.inner.DataPermissionInterceptor - parse the finished SQL: SELECT * FROM (((entity, entity1))) WHERE entity.id = entity1.id AND entity.tenant_id = 1 AND entity1.tenant_id = 1
]]></system-out>
  </testcase>
  <testcase name="selectJoinSubSelect" classname="cn.kyc.dandanxia.framework.datapermission.core.db.DataPermissionRuleHandlerTest" time="0.004">
    <system-out><![CDATA[04:26:06.442 [main] DEBUG com.baomidou.mybatisplus.extension.plugins.inner.DataPermissionInterceptor - original SQL: select * from (select * from entity) e1 left join entity2 e2 on e1.id = e2.id
04:26:06.442 [main] DEBUG com.baomidou.mybatisplus.extension.plugins.inner.DataPermissionInterceptor - SQL to parse, SQL: select * from (select * from entity) e1 left join entity2 e2 on e1.id = e2.id
04:26:06.443 [main] DEBUG com.baomidou.mybatisplus.extension.plugins.inner.DataPermissionInterceptor - parse the finished SQL: SELECT * FROM (SELECT * FROM entity WHERE entity.tenant_id = 1) e1 LEFT JOIN entity2 e2 ON e1.id = e2.id AND e2.tenant_id = 1
04:26:06.443 [main] DEBUG com.baomidou.mybatisplus.extension.plugins.inner.DataPermissionInterceptor - original SQL: select * from entity1 e1 left join (select * from entity2) e2 on e1.id = e2.id
04:26:06.444 [main] DEBUG com.baomidou.mybatisplus.extension.plugins.inner.DataPermissionInterceptor - SQL to parse, SQL: select * from entity1 e1 left join (select * from entity2) e2 on e1.id = e2.id
04:26:06.444 [main] DEBUG com.baomidou.mybatisplus.extension.plugins.inner.DataPermissionInterceptor - parse the finished SQL: SELECT * FROM entity1 e1 LEFT JOIN (SELECT * FROM entity2 WHERE entity2.tenant_id = 1) e2 ON e1.id = e2.id WHERE e1.tenant_id = 1
]]></system-out>
  </testcase>
  <testcase name="selectSubSelect" classname="cn.kyc.dandanxia.framework.datapermission.core.db.DataPermissionRuleHandlerTest" time="0.005">
    <system-out><![CDATA[04:26:06.446 [main] DEBUG com.baomidou.mybatisplus.extension.plugins.inner.DataPermissionInterceptor - original SQL: SELECT * FROM entity e WHERE e.id >= (select e1.id from entity1 e1 where e1.id = ?)
04:26:06.446 [main] DEBUG com.baomidou.mybatisplus.extension.plugins.inner.DataPermissionInterceptor - SQL to parse, SQL: SELECT * FROM entity e WHERE e.id >= (select e1.id from entity1 e1 where e1.id = ?)
04:26:06.447 [main] DEBUG com.baomidou.mybatisplus.extension.plugins.inner.DataPermissionInterceptor - parse the finished SQL: SELECT * FROM entity e WHERE e.id >= (SELECT e1.id FROM entity1 e1 WHERE e1.id = ? AND e1.tenant_id = 1) AND e.tenant_id = 1
04:26:06.447 [main] DEBUG com.baomidou.mybatisplus.extension.plugins.inner.DataPermissionInterceptor - original SQL: SELECT * FROM entity e WHERE e.id <= (select e1.id from entity1 e1 where e1.id = ?)
04:26:06.447 [main] DEBUG com.baomidou.mybatisplus.extension.plugins.inner.DataPermissionInterceptor - SQL to parse, SQL: SELECT * FROM entity e WHERE e.id <= (select e1.id from entity1 e1 where e1.id = ?)
04:26:06.448 [main] DEBUG com.baomidou.mybatisplus.extension.plugins.inner.DataPermissionInterceptor - parse the finished SQL: SELECT * FROM entity e WHERE e.id <= (SELECT e1.id FROM entity1 e1 WHERE e1.id = ? AND e1.tenant_id = 1) AND e.tenant_id = 1
04:26:06.448 [main] DEBUG com.baomidou.mybatisplus.extension.plugins.inner.DataPermissionInterceptor - original SQL: SELECT * FROM entity e WHERE e.id <> (select e1.id from entity1 e1 where e1.id = ?)
04:26:06.448 [main] DEBUG com.baomidou.mybatisplus.extension.plugins.inner.DataPermissionInterceptor - SQL to parse, SQL: SELECT * FROM entity e WHERE e.id <> (select e1.id from entity1 e1 where e1.id = ?)
04:26:06.448 [main] DEBUG com.baomidou.mybatisplus.extension.plugins.inner.DataPermissionInterceptor - parse the finished SQL: SELECT * FROM entity e WHERE e.id <> (SELECT e1.id FROM entity1 e1 WHERE e1.id = ? AND e1.tenant_id = 1) AND e.tenant_id = 1
]]></system-out>
  </testcase>
  <testcase name="update" classname="cn.kyc.dandanxia.framework.datapermission.core.db.DataPermissionRuleHandlerTest" time="0.003">
    <system-out><![CDATA[04:26:06.450 [main] DEBUG com.baomidou.mybatisplus.extension.plugins.inner.DataPermissionInterceptor - original SQL: update entity set name = ? where id = ?
04:26:06.451 [main] DEBUG com.baomidou.mybatisplus.extension.plugins.inner.DataPermissionInterceptor - SQL to parse, SQL: update entity set name = ? where id = ?
04:26:06.452 [main] DEBUG com.baomidou.mybatisplus.extension.plugins.inner.DataPermissionInterceptor - parse the finished SQL: UPDATE entity SET name = ? WHERE id = ? AND entity.tenant_id = 1
]]></system-out>
  </testcase>
  <testcase name="selectSubSelectExists" classname="cn.kyc.dandanxia.framework.datapermission.core.db.DataPermissionRuleHandlerTest" time="0.003">
    <system-out><![CDATA[04:26:06.454 [main] DEBUG com.baomidou.mybatisplus.extension.plugins.inner.DataPermissionInterceptor - original SQL: SELECT * FROM entity e WHERE EXISTS (select e1.id from entity1 e1 where e1.id = ?)
04:26:06.455 [main] DEBUG com.baomidou.mybatisplus.extension.plugins.inner.DataPermissionInterceptor - SQL to parse, SQL: SELECT * FROM entity e WHERE EXISTS (select e1.id from entity1 e1 where e1.id = ?)
04:26:06.455 [main] DEBUG com.baomidou.mybatisplus.extension.plugins.inner.DataPermissionInterceptor - parse the finished SQL: SELECT * FROM entity e WHERE EXISTS (SELECT e1.id FROM entity1 e1 WHERE e1.id = ? AND e1.tenant_id = 1) AND e.tenant_id = 1
04:26:06.455 [main] DEBUG com.baomidou.mybatisplus.extension.plugins.inner.DataPermissionInterceptor - original SQL: SELECT * FROM entity e WHERE NOT EXISTS (select e1.id from entity1 e1 where e1.id = ?)
04:26:06.456 [main] DEBUG com.baomidou.mybatisplus.extension.plugins.inner.DataPermissionInterceptor - SQL to parse, SQL: SELECT * FROM entity e WHERE NOT EXISTS (select e1.id from entity1 e1 where e1.id = ?)
04:26:06.456 [main] DEBUG com.baomidou.mybatisplus.extension.plugins.inner.DataPermissionInterceptor - parse the finished SQL: SELECT * FROM entity e WHERE NOT EXISTS (SELECT e1.id FROM entity1 e1 WHERE e1.id = ? AND e1.tenant_id = 1) AND e.tenant_id = 1
]]></system-out>
  </testcase>
  <testcase name="selectBodySubSelect" classname="cn.kyc.dandanxia.framework.datapermission.core.db.DataPermissionRuleHandlerTest" time="0.002">
    <system-out><![CDATA[04:26:06.458 [main] DEBUG com.baomidou.mybatisplus.extension.plugins.inner.DataPermissionInterceptor - original SQL: select t1.col1,(select t2.col2 from t2 t2 where t1.col1=t2.col1) from t1 t1
04:26:06.459 [main] DEBUG com.baomidou.mybatisplus.extension.plugins.inner.DataPermissionInterceptor - SQL to parse, SQL: select t1.col1,(select t2.col2 from t2 t2 where t1.col1=t2.col1) from t1 t1
04:26:06.459 [main] DEBUG com.baomidou.mybatisplus.extension.plugins.inner.DataPermissionInterceptor - parse the finished SQL: SELECT t1.col1, (SELECT t2.col2 FROM t2 t2 WHERE t1.col1 = t2.col1 AND t2.tenant_id = 1) FROM t1 t1 WHERE t1.tenant_id = 1
]]></system-out>
  </testcase>
  <testcase name="selectSubSelectEq" classname="cn.kyc.dandanxia.framework.datapermission.core.db.DataPermissionRuleHandlerTest" time="0.002">
    <system-out><![CDATA[04:26:06.461 [main] DEBUG com.baomidou.mybatisplus.extension.plugins.inner.DataPermissionInterceptor - original SQL: SELECT * FROM entity e WHERE e.id = (select e1.id from entity1 e1 where e1.id = ?)
04:26:06.462 [main] DEBUG com.baomidou.mybatisplus.extension.plugins.inner.DataPermissionInterceptor - SQL to parse, SQL: SELECT * FROM entity e WHERE e.id = (select e1.id from entity1 e1 where e1.id = ?)
04:26:06.462 [main] DEBUG com.baomidou.mybatisplus.extension.plugins.inner.DataPermissionInterceptor - parse the finished SQL: SELECT * FROM entity e WHERE e.id = (SELECT e1.id FROM entity1 e1 WHERE e1.id = ? AND e1.tenant_id = 1) AND e.tenant_id = 1
]]></system-out>
  </testcase>
  <testcase name="selectSubSelectIn" classname="cn.kyc.dandanxia.framework.datapermission.core.db.DataPermissionRuleHandlerTest" time="0.004">
    <system-out><![CDATA[04:26:06.464 [main] DEBUG com.baomidou.mybatisplus.extension.plugins.inner.DataPermissionInterceptor - original SQL: SELECT * FROM entity e WHERE e.id IN (select e1.id from entity1 e1 where e1.id = ?)
04:26:06.464 [main] DEBUG com.baomidou.mybatisplus.extension.plugins.inner.DataPermissionInterceptor - SQL to parse, SQL: SELECT * FROM entity e WHERE e.id IN (select e1.id from entity1 e1 where e1.id = ?)
04:26:06.465 [main] DEBUG com.baomidou.mybatisplus.extension.plugins.inner.DataPermissionInterceptor - parse the finished SQL: SELECT * FROM entity e WHERE e.id IN (SELECT e1.id FROM entity1 e1 WHERE e1.id = ? AND e1.tenant_id = 1) AND e.tenant_id = 1
04:26:06.465 [main] DEBUG com.baomidou.mybatisplus.extension.plugins.inner.DataPermissionInterceptor - original SQL: SELECT * FROM entity e WHERE e.id IN (select e1.id from entity1 e1 where e1.id = ?) and e.id = ?
04:26:06.465 [main] DEBUG com.baomidou.mybatisplus.extension.plugins.inner.DataPermissionInterceptor - SQL to parse, SQL: SELECT * FROM entity e WHERE e.id IN (select e1.id from entity1 e1 where e1.id = ?) and e.id = ?
04:26:06.465 [main] DEBUG com.baomidou.mybatisplus.extension.plugins.inner.DataPermissionInterceptor - parse the finished SQL: SELECT * FROM entity e WHERE e.id IN (SELECT e1.id FROM entity1 e1 WHERE e1.id = ? AND e1.tenant_id = 1) AND e.id = ? AND e.tenant_id = 1
04:26:06.465 [main] DEBUG com.baomidou.mybatisplus.extension.plugins.inner.DataPermissionInterceptor - original SQL: SELECT * FROM entity e WHERE e.id = ? and e.id IN (select e1.id from entity1 e1 where e1.id = ?)
04:26:06.466 [main] DEBUG com.baomidou.mybatisplus.extension.plugins.inner.DataPermissionInterceptor - SQL to parse, SQL: SELECT * FROM entity e WHERE e.id = ? and e.id IN (select e1.id from entity1 e1 where e1.id = ?)
04:26:06.466 [main] DEBUG com.baomidou.mybatisplus.extension.plugins.inner.DataPermissionInterceptor - parse the finished SQL: SELECT * FROM entity e WHERE e.id = ? AND e.id IN (SELECT e1.id FROM entity1 e1 WHERE e1.id = ? AND e1.tenant_id = 1) AND e.tenant_id = 1
04:26:06.466 [main] DEBUG com.baomidou.mybatisplus.extension.plugins.inner.DataPermissionInterceptor - original SQL: SELECT * FROM entity e WHERE e.id = ? and e.id IN (select e1.id from entity1 e1 where e1.id = ?) and e.id = ?
04:26:06.467 [main] DEBUG com.baomidou.mybatisplus.extension.plugins.inner.DataPermissionInterceptor - SQL to parse, SQL: SELECT * FROM entity e WHERE e.id = ? and e.id IN (select e1.id from entity1 e1 where e1.id = ?) and e.id = ?
04:26:06.467 [main] DEBUG com.baomidou.mybatisplus.extension.plugins.inner.DataPermissionInterceptor - parse the finished SQL: SELECT * FROM entity e WHERE e.id = ? AND e.id IN (SELECT e1.id FROM entity1 e1 WHERE e1.id = ? AND e1.tenant_id = 1) AND e.id = ? AND e.tenant_id = 1
]]></system-out>
  </testcase>
  <testcase name="testSelectLeftJoin" classname="cn.kyc.dandanxia.framework.datapermission.core.db.DataPermissionRuleHandlerTest" time="0.005">
    <system-out><![CDATA[04:26:06.471 [main] DEBUG com.baomidou.mybatisplus.extension.plugins.inner.DataPermissionInterceptor - original SQL: SELECT * FROM t_user e left join t_role e1 on e1.id = e.id WHERE e.id = ? OR e.name = ?
04:26:06.471 [main] DEBUG com.baomidou.mybatisplus.extension.plugins.inner.DataPermissionInterceptor - SQL to parse, SQL: SELECT * FROM t_user e left join t_role e1 on e1.id = e.id WHERE e.id = ? OR e.name = ?
04:26:06.472 [main] DEBUG com.baomidou.mybatisplus.extension.plugins.inner.DataPermissionInterceptor - parse the finished SQL: SELECT * FROM t_user e LEFT JOIN t_role e1 ON e1.id = e.id AND e1.tenant_id = 1 WHERE (e.id = ? OR e.name = ?) AND e.tenant_id = 1 AND e.dept_id IN (10, 20)
04:26:06.472 [main] DEBUG com.baomidou.mybatisplus.extension.plugins.inner.DataPermissionInterceptor - original SQL: SELECT * FROM t_user e left join t_role e1 on e1.id = e.id WHERE (e.id = ? OR e.name = ?)
04:26:06.472 [main] DEBUG com.baomidou.mybatisplus.extension.plugins.inner.DataPermissionInterceptor - SQL to parse, SQL: SELECT * FROM t_user e left join t_role e1 on e1.id = e.id WHERE (e.id = ? OR e.name = ?)
04:26:06.473 [main] DEBUG com.baomidou.mybatisplus.extension.plugins.inner.DataPermissionInterceptor - parse the finished SQL: SELECT * FROM t_user e LEFT JOIN t_role e1 ON e1.id = e.id AND e1.tenant_id = 1 WHERE (e.id = ? OR e.name = ?) AND e.tenant_id = 1 AND e.dept_id IN (10, 20)
]]></system-out>
  </testcase>
  <testcase name="selectLeftJoinMultipleTrailingOn" classname="cn.kyc.dandanxia.framework.datapermission.core.db.DataPermissionRuleHandlerTest" time="0.005">
    <system-out><![CDATA[04:26:06.474 [main] DEBUG com.baomidou.mybatisplus.extension.plugins.inner.DataPermissionInterceptor - original SQL: SELECT * FROM entity e LEFT JOIN entity1 e1 LEFT JOIN entity2 e2 ON e2.id = e1.id ON e1.id = e.id WHERE (e.id = ? OR e.NAME = ?)
04:26:06.475 [main] DEBUG com.baomidou.mybatisplus.extension.plugins.inner.DataPermissionInterceptor - SQL to parse, SQL: SELECT * FROM entity e LEFT JOIN entity1 e1 LEFT JOIN entity2 e2 ON e2.id = e1.id ON e1.id = e.id WHERE (e.id = ? OR e.NAME = ?)
04:26:06.476 [main] DEBUG com.baomidou.mybatisplus.extension.plugins.inner.DataPermissionInterceptor - parse the finished SQL: SELECT * FROM entity e LEFT JOIN entity1 e1 LEFT JOIN entity2 e2 ON e2.id = e1.id AND e2.tenant_id = 1 ON e1.id = e.id AND e1.tenant_id = 1 WHERE (e.id = ? OR e.NAME = ?) AND e.tenant_id = 1
04:26:06.476 [main] DEBUG com.baomidou.mybatisplus.extension.plugins.inner.DataPermissionInterceptor - original SQL: SELECT * FROM entity e LEFT JOIN entity1 e1 LEFT JOIN with_as_A e2 ON e2.id = e1.id ON e1.id = e.id WHERE (e.id = ? OR e.NAME = ?)
04:26:06.477 [main] DEBUG com.baomidou.mybatisplus.extension.plugins.inner.DataPermissionInterceptor - SQL to parse, SQL: SELECT * FROM entity e LEFT JOIN entity1 e1 LEFT JOIN with_as_A e2 ON e2.id = e1.id ON e1.id = e.id WHERE (e.id = ? OR e.NAME = ?)
04:26:06.477 [main] DEBUG com.baomidou.mybatisplus.extension.plugins.inner.DataPermissionInterceptor - parse the finished SQL: SELECT * FROM entity e LEFT JOIN entity1 e1 LEFT JOIN with_as_A e2 ON e2.id = e1.id ON e1.id = e.id AND e1.tenant_id = 1 WHERE (e.id = ? OR e.NAME = ?) AND e.tenant_id = 1
]]></system-out>
  </testcase>
  <testcase name="selectMixJoin" classname="cn.kyc.dandanxia.framework.datapermission.core.db.DataPermissionRuleHandlerTest" time="0.004">
    <system-out><![CDATA[04:26:06.479 [main] DEBUG com.baomidou.mybatisplus.extension.plugins.inner.DataPermissionInterceptor - original SQL: SELECT * FROM entity e right join entity1 e1 on e1.id = e.id left join entity2 e2 on e1.id = e2.id
04:26:06.480 [main] DEBUG com.baomidou.mybatisplus.extension.plugins.inner.DataPermissionInterceptor - SQL to parse, SQL: SELECT * FROM entity e right join entity1 e1 on e1.id = e.id left join entity2 e2 on e1.id = e2.id
04:26:06.480 [main] DEBUG com.baomidou.mybatisplus.extension.plugins.inner.DataPermissionInterceptor - parse the finished SQL: SELECT * FROM entity e RIGHT JOIN entity1 e1 ON e1.id = e.id AND e.tenant_id = 1 LEFT JOIN entity2 e2 ON e1.id = e2.id AND e2.tenant_id = 1 WHERE e1.tenant_id = 1
04:26:06.480 [main] DEBUG com.baomidou.mybatisplus.extension.plugins.inner.DataPermissionInterceptor - original SQL: SELECT * FROM entity e left join entity1 e1 on e1.id = e.id right join entity2 e2 on e1.id = e2.id
04:26:06.481 [main] DEBUG com.baomidou.mybatisplus.extension.plugins.inner.DataPermissionInterceptor - SQL to parse, SQL: SELECT * FROM entity e left join entity1 e1 on e1.id = e.id right join entity2 e2 on e1.id = e2.id
04:26:06.481 [main] DEBUG com.baomidou.mybatisplus.extension.plugins.inner.DataPermissionInterceptor - parse the finished SQL: SELECT * FROM entity e LEFT JOIN entity1 e1 ON e1.id = e.id AND e1.tenant_id = 1 RIGHT JOIN entity2 e2 ON e1.id = e2.id AND e.tenant_id = 1 WHERE e2.tenant_id = 1
04:26:06.481 [main] DEBUG com.baomidou.mybatisplus.extension.plugins.inner.DataPermissionInterceptor - original SQL: SELECT * FROM entity e left join entity1 e1 on e1.id = e.id inner join entity2 e2 on e1.id = e2.id
04:26:06.481 [main] DEBUG com.baomidou.mybatisplus.extension.plugins.inner.DataPermissionInterceptor - SQL to parse, SQL: SELECT * FROM entity e left join entity1 e1 on e1.id = e.id inner join entity2 e2 on e1.id = e2.id
04:26:06.482 [main] DEBUG com.baomidou.mybatisplus.extension.plugins.inner.DataPermissionInterceptor - parse the finished SQL: SELECT * FROM entity e LEFT JOIN entity1 e1 ON e1.id = e.id AND e1.tenant_id = 1 INNER JOIN entity2 e2 ON e1.id = e2.id AND e.tenant_id = 1 AND e2.tenant_id = 1
]]></system-out>
  </testcase>
  <testcase name="testSelectRightJoin" classname="cn.kyc.dandanxia.framework.datapermission.core.db.DataPermissionRuleHandlerTest" time="0.003">
    <system-out><![CDATA[04:26:06.484 [main] DEBUG com.baomidou.mybatisplus.extension.plugins.inner.DataPermissionInterceptor - original SQL: SELECT * FROM t_user e right join t_role e1 on e1.id = e.id WHERE e.id = ? OR e.name = ?
04:26:06.484 [main] DEBUG com.baomidou.mybatisplus.extension.plugins.inner.DataPermissionInterceptor - SQL to parse, SQL: SELECT * FROM t_user e right join t_role e1 on e1.id = e.id WHERE e.id = ? OR e.name = ?
04:26:06.484 [main] DEBUG com.baomidou.mybatisplus.extension.plugins.inner.DataPermissionInterceptor - parse the finished SQL: SELECT * FROM t_user e RIGHT JOIN t_role e1 ON e1.id = e.id AND e.tenant_id = 1 AND e.dept_id IN (10, 20) WHERE (e.id = ? OR e.name = ?) AND e1.tenant_id = 1
04:26:06.484 [main] DEBUG com.baomidou.mybatisplus.extension.plugins.inner.DataPermissionInterceptor - original SQL: SELECT * FROM t_user e right join t_role e1 on e1.id = e.id WHERE (e.id = ? OR e.name = ?)
04:26:06.485 [main] DEBUG com.baomidou.mybatisplus.extension.plugins.inner.DataPermissionInterceptor - SQL to parse, SQL: SELECT * FROM t_user e right join t_role e1 on e1.id = e.id WHERE (e.id = ? OR e.name = ?)
04:26:06.485 [main] DEBUG com.baomidou.mybatisplus.extension.plugins.inner.DataPermissionInterceptor - parse the finished SQL: SELECT * FROM t_user e RIGHT JOIN t_role e1 ON e1.id = e.id AND e.tenant_id = 1 AND e.dept_id IN (10, 20) WHERE (e.id = ? OR e.name = ?) AND e1.tenant_id = 1
]]></system-out>
  </testcase>
  <testcase name="selectSingle" classname="cn.kyc.dandanxia.framework.datapermission.core.db.DataPermissionRuleHandlerTest" time="0.003">
    <system-out><![CDATA[04:26:06.487 [main] DEBUG com.baomidou.mybatisplus.extension.plugins.inner.DataPermissionInterceptor - original SQL: select * from entity where id = ?
04:26:06.487 [main] DEBUG com.baomidou.mybatisplus.extension.plugins.inner.DataPermissionInterceptor - SQL to parse, SQL: select * from entity where id = ?
04:26:06.487 [main] DEBUG com.baomidou.mybatisplus.extension.plugins.inner.DataPermissionInterceptor - parse the finished SQL: SELECT * FROM entity WHERE id = ? AND entity.tenant_id = 1
04:26:06.487 [main] DEBUG com.baomidou.mybatisplus.extension.plugins.inner.DataPermissionInterceptor - original SQL: select * from entity where id = ? or name = ?
04:26:06.487 [main] DEBUG com.baomidou.mybatisplus.extension.plugins.inner.DataPermissionInterceptor - SQL to parse, SQL: select * from entity where id = ? or name = ?
04:26:06.487 [main] DEBUG com.baomidou.mybatisplus.extension.plugins.inner.DataPermissionInterceptor - parse the finished SQL: SELECT * FROM entity WHERE (id = ? OR name = ?) AND entity.tenant_id = 1
04:26:06.488 [main] DEBUG com.baomidou.mybatisplus.extension.plugins.inner.DataPermissionInterceptor - original SQL: SELECT * FROM entity WHERE (id = ? OR name = ?)
04:26:06.488 [main] DEBUG com.baomidou.mybatisplus.extension.plugins.inner.DataPermissionInterceptor - SQL to parse, SQL: SELECT * FROM entity WHERE (id = ? OR name = ?)
04:26:06.488 [main] DEBUG com.baomidou.mybatisplus.extension.plugins.inner.DataPermissionInterceptor - parse the finished SQL: SELECT * FROM entity WHERE (id = ? OR name = ?) AND entity.tenant_id = 1
04:26:06.488 [main] DEBUG com.baomidou.mybatisplus.extension.plugins.inner.DataPermissionInterceptor - original SQL: SELECT * FROM entity WHERE not (id = ? OR name = ?)
04:26:06.488 [main] DEBUG com.baomidou.mybatisplus.extension.plugins.inner.DataPermissionInterceptor - SQL to parse, SQL: SELECT * FROM entity WHERE not (id = ? OR name = ?)
04:26:06.488 [main] DEBUG com.baomidou.mybatisplus.extension.plugins.inner.DataPermissionInterceptor - parse the finished SQL: SELECT * FROM entity WHERE NOT (id = ? OR name = ?) AND entity.tenant_id = 1
]]></system-out>
  </testcase>
  <testcase name="selectSubSelectInnerNotEq" classname="cn.kyc.dandanxia.framework.datapermission.core.db.DataPermissionRuleHandlerTest" time="0.003">
    <system-out><![CDATA[04:26:06.490 [main] DEBUG com.baomidou.mybatisplus.extension.plugins.inner.DataPermissionInterceptor - original SQL: SELECT * FROM entity e WHERE not (e.id = (select e1.id from entity1 e1 where e1.id = ?))
04:26:06.491 [main] DEBUG com.baomidou.mybatisplus.extension.plugins.inner.DataPermissionInterceptor - SQL to parse, SQL: SELECT * FROM entity e WHERE not (e.id = (select e1.id from entity1 e1 where e1.id = ?))
04:26:06.491 [main] DEBUG com.baomidou.mybatisplus.extension.plugins.inner.DataPermissionInterceptor - parse the finished SQL: SELECT * FROM entity e WHERE NOT (e.id = (SELECT e1.id FROM entity1 e1 WHERE e1.id = ? AND e1.tenant_id = 1)) AND e.tenant_id = 1
04:26:06.491 [main] DEBUG com.baomidou.mybatisplus.extension.plugins.inner.DataPermissionInterceptor - original SQL: SELECT * FROM entity e WHERE not (e.id = (select e1.id from entity1 e1 where e1.id = ?) and e.id = ?)
04:26:06.491 [main] DEBUG com.baomidou.mybatisplus.extension.plugins.inner.DataPermissionInterceptor - SQL to parse, SQL: SELECT * FROM entity e WHERE not (e.id = (select e1.id from entity1 e1 where e1.id = ?) and e.id = ?)
04:26:06.492 [main] DEBUG com.baomidou.mybatisplus.extension.plugins.inner.DataPermissionInterceptor - parse the finished SQL: SELECT * FROM entity e WHERE NOT (e.id = (SELECT e1.id FROM entity1 e1 WHERE e1.id = ? AND e1.tenant_id = 1) AND e.id = ?) AND e.tenant_id = 1
]]></system-out>
  </testcase>
  <testcase name="selectWithAs" classname="cn.kyc.dandanxia.framework.datapermission.core.db.DataPermissionRuleHandlerTest" time="0.004">
    <system-out><![CDATA[04:26:06.494 [main] DEBUG com.baomidou.mybatisplus.extension.plugins.inner.DataPermissionInterceptor - original SQL: with with_as_A as (select * from entity) select * from with_as_A
04:26:06.495 [main] DEBUG com.baomidou.mybatisplus.extension.plugins.inner.DataPermissionInterceptor - SQL to parse, SQL: with with_as_A as (select * from entity) select * from with_as_A
04:26:06.495 [main] DEBUG com.baomidou.mybatisplus.extension.plugins.inner.DataPermissionInterceptor - parse the finished SQL: WITH with_as_A AS (SELECT * FROM entity WHERE entity.tenant_id = 1) SELECT * FROM with_as_A
]]></system-out>
  </testcase>
</testsuite>