-------------------------------------------------------------------------------
Test set: cn.kyc.dandanxia.module.infra.service.codegen.inner.CodegenEngineVben5AntdGeneralTest
-------------------------------------------------------------------------------
Tests run: 6, Failures: 6, Errors: 0, Skipped: 0, Time elapsed: 1.541 s <<< FAILURE! -- in cn.kyc.dandanxia.module.infra.service.codegen.inner.CodegenEngineVben5AntdGeneralTest
cn.kyc.dandanxia.module.infra.service.codegen.inner.CodegenEngineVben5AntdGeneralTest.testExecute_one -- Time elapsed: 0.365 s <<< FAILURE!
org.opentest4j.AssertionFailedError: 生成文件集合不匹配 ==> expected: <[kyc-module-infra/src/main/java/cn.kyc.dandanxia/module/infra/controller/admin/demo/vo/InfraStudentPageReqVO.java, kyc-module-infra/src/main/java/cn.kyc.dandanxia/module/infra/controller/admin/demo/vo/InfraStudentRespVO.java, kyc-module-infra/src/main/java/cn.kyc.dandanxia/module/infra/controller/admin/demo/vo/InfraStudentSaveReqVO.java, kyc-module-infra/src/main/java/cn.kyc.dandanxia/module/infra/controller/admin/demo/InfraStudentController.java, kyc-module-infra/src/main/java/cn.kyc.dandanxia/module/infra/dal/dataobject/demo/InfraStudentDO.java, kyc-module-infra/src/main/java/cn.kyc.dandanxia/module/infra/dal/mysql/demo/InfraStudentMapper.java, kyc-module-infra/src/main/resources/mapper/demo/InfraStudentMapper.xml, kyc-module-infra/src/main/java/cn.kyc.dandanxia/module/infra/service/demo/InfraStudentServiceImpl.java, kyc-module-infra/src/main/java/cn.kyc.dandanxia/module/infra/service/demo/InfraStudentService.java, kyc-module-infra/src/test/java/cn.kyc.dandanxia/module/infra/service/demo/InfraStudentServiceImplTest.java, kyc-module-infra/src/main/java/cn.kyc.dandanxia/module/infra/enums/ErrorCodeConstants_手动操作.java, sql/sql.sql, sql/h2.sql, kyc-ui-admin-vben/src/views/infra/demo/index.vue, kyc-ui-admin-vben/src/views/infra/demo/modules/form.vue, kyc-ui-admin-vben/src/api/infra/demo/index.ts]> but was: <[kyc-module-infra/src/main/java/cn/kyc/dandanxia/module/infra/controller/admin/demo/vo/InfraStudentPageReqVO.java, kyc-module-infra/src/main/java/cn/kyc/dandanxia/module/infra/controller/admin/demo/vo/InfraStudentRespVO.java, kyc-module-infra/src/main/java/cn/kyc/dandanxia/module/infra/controller/admin/demo/vo/InfraStudentSaveReqVO.java, kyc-module-infra/src/main/java/cn/kyc/dandanxia/module/infra/controller/admin/demo/InfraStudentController.java, kyc-module-infra/src/main/java/cn/kyc/dandanxia/module/infra/dal/dataobject/demo/InfraStudentDO.java, kyc-module-infra/src/main/java/cn/kyc/dandanxia/module/infra/dal/mysql/demo/InfraStudentMapper.java, kyc-module-infra/src/main/resources/mapper/demo/InfraStudentMapper.xml, kyc-module-infra/src/main/java/cn/kyc/dandanxia/module/infra/service/demo/InfraStudentServiceImpl.java, kyc-module-infra/src/main/java/cn/kyc/dandanxia/module/infra/service/demo/InfraStudentService.java, kyc-module-infra/src/test/java/cn/kyc/dandanxia/module/infra/service/demo/InfraStudentServiceImplTest.java, kyc-module-infra/src/main/java/cn/kyc/dandanxia/module/infra/enums/ErrorCodeConstants_手动操作.java, sql/sql.sql, sql/h2.sql, kyc-ui-admin-vben/src/views/infra/demo/index.vue, kyc-ui-admin-vben/src/views/infra/demo/modules/form.vue, kyc-ui-admin-vben/src/api/infra/demo/index.ts]>
	at org.junit.jupiter.api.AssertionUtils.fail(AssertionUtils.java:55)
	at org.junit.jupiter.api.AssertionUtils.failNotEqual(AssertionUtils.java:62)
	at org.junit.jupiter.api.AssertEquals.assertEquals(AssertEquals.java:182)
	at org.junit.jupiter.api.Assertions.assertEquals(Assertions.java:1152)
	at cn.kyc.dandanxia.module.infra.service.codegen.inner.CodegenEngineAbstractTest.assertResult(CodegenEngineAbstractTest.java:106)
	at cn.kyc.dandanxia.module.infra.service.codegen.inner.CodegenEngineVben5AntdGeneralTest.testExecute_one(CodegenEngineVben5AntdGeneralTest.java:34)
	at java.base/jdk.internal.reflect.NativeMethodAccessorImpl.invoke0(Native Method)
	at java.base/jdk.internal.reflect.NativeMethodAccessorImpl.invoke(NativeMethodAccessorImpl.java:77)
	at java.base/jdk.internal.reflect.DelegatingMethodAccessorImpl.invoke(DelegatingMethodAccessorImpl.java:43)
	at java.base/java.lang.reflect.Method.invoke(Method.java:568)
	at org.junit.platform.commons.util.ReflectionUtils.invokeMethod(ReflectionUtils.java:725)
	at org.junit.jupiter.engine.execution.MethodInvocation.proceed(MethodInvocation.java:60)
	at org.junit.jupiter.engine.execution.InvocationInterceptorChain$ValidatingInvocation.proceed(InvocationInterceptorChain.java:131)
	at org.junit.jupiter.engine.extension.TimeoutExtension.intercept(TimeoutExtension.java:149)
	at org.junit.jupiter.engine.extension.TimeoutExtension.interceptTestableMethod(TimeoutExtension.java:140)
	at org.junit.jupiter.engine.extension.TimeoutExtension.interceptTestMethod(TimeoutExtension.java:84)
	at org.junit.jupiter.engine.execution.ExecutableInvoker$ReflectiveInterceptorCall.lambda$ofVoidMethod$0(ExecutableInvoker.java:115)
	at org.junit.jupiter.engine.execution.ExecutableInvoker.lambda$invoke$0(ExecutableInvoker.java:105)
	at org.junit.jupiter.engine.execution.InvocationInterceptorChain$InterceptedInvocation.proceed(InvocationInterceptorChain.java:106)
	at org.junit.jupiter.engine.execution.InvocationInterceptorChain.proceed(InvocationInterceptorChain.java:64)
	at org.junit.jupiter.engine.execution.InvocationInterceptorChain.chainAndInvoke(InvocationInterceptorChain.java:45)
	at org.junit.jupiter.engine.execution.InvocationInterceptorChain.invoke(InvocationInterceptorChain.java:37)
	at org.junit.jupiter.engine.execution.ExecutableInvoker.invoke(ExecutableInvoker.java:104)
	at org.junit.jupiter.engine.execution.ExecutableInvoker.invoke(ExecutableInvoker.java:98)
	at org.junit.jupiter.engine.descriptor.TestMethodTestDescriptor.lambda$invokeTestMethod$7(TestMethodTestDescriptor.java:214)
	at org.junit.platform.engine.support.hierarchical.ThrowableCollector.execute(ThrowableCollector.java:73)
	at org.junit.jupiter.engine.descriptor.TestMethodTestDescriptor.invokeTestMethod(TestMethodTestDescriptor.java:210)
	at org.junit.jupiter.engine.descriptor.TestMethodTestDescriptor.execute(TestMethodTestDescriptor.java:135)
	at org.junit.jupiter.engine.descriptor.TestMethodTestDescriptor.execute(TestMethodTestDescriptor.java:66)
	at org.junit.platform.engine.support.hierarchical.NodeTestTask.lambda$executeRecursively$6(NodeTestTask.java:151)
	at org.junit.platform.engine.support.hierarchical.ThrowableCollector.execute(ThrowableCollector.java:73)
	at org.junit.platform.engine.support.hierarchical.NodeTestTask.lambda$executeRecursively$8(NodeTestTask.java:141)
	at org.junit.platform.engine.support.hierarchical.Node.around(Node.java:137)
	at org.junit.platform.engine.support.hierarchical.NodeTestTask.lambda$executeRecursively$9(NodeTestTask.java:139)
	at org.junit.platform.engine.support.hierarchical.ThrowableCollector.execute(ThrowableCollector.java:73)
	at org.junit.platform.engine.support.hierarchical.NodeTestTask.executeRecursively(NodeTestTask.java:138)
	at org.junit.platform.engine.support.hierarchical.NodeTestTask.execute(NodeTestTask.java:95)
	at java.base/java.util.ArrayList.forEach(ArrayList.java:1511)
	at org.junit.platform.engine.support.hierarchical.SameThreadHierarchicalTestExecutorService.invokeAll(SameThreadHierarchicalTestExecutorService.java:41)
	at org.junit.platform.engine.support.hierarchical.NodeTestTask.lambda$executeRecursively$6(NodeTestTask.java:155)
	at org.junit.platform.engine.support.hierarchical.ThrowableCollector.execute(ThrowableCollector.java:73)
	at org.junit.platform.engine.support.hierarchical.NodeTestTask.lambda$executeRecursively$8(NodeTestTask.java:141)
	at org.junit.platform.engine.support.hierarchical.Node.around(Node.java:137)
	at org.junit.platform.engine.support.hierarchical.NodeTestTask.lambda$executeRecursively$9(NodeTestTask.java:139)
	at org.junit.platform.engine.support.hierarchical.ThrowableCollector.execute(ThrowableCollector.java:73)
	at org.junit.platform.engine.support.hierarchical.NodeTestTask.executeRecursively(NodeTestTask.java:138)
	at org.junit.platform.engine.support.hierarchical.NodeTestTask.execute(NodeTestTask.java:95)
	at java.base/java.util.ArrayList.forEach(ArrayList.java:1511)
	at org.junit.platform.engine.support.hierarchical.SameThreadHierarchicalTestExecutorService.invokeAll(SameThreadHierarchicalTestExecutorService.java:41)
	at org.junit.platform.engine.support.hierarchical.NodeTestTask.lambda$executeRecursively$6(NodeTestTask.java:155)
	at org.junit.platform.engine.support.hierarchical.ThrowableCollector.execute(ThrowableCollector.java:73)
	at org.junit.platform.engine.support.hierarchical.NodeTestTask.lambda$executeRecursively$8(NodeTestTask.java:141)
	at org.junit.platform.engine.support.hierarchical.Node.around(Node.java:137)
	at org.junit.platform.engine.support.hierarchical.NodeTestTask.lambda$executeRecursively$9(NodeTestTask.java:139)
	at org.junit.platform.engine.support.hierarchical.ThrowableCollector.execute(ThrowableCollector.java:73)
	at org.junit.platform.engine.support.hierarchical.NodeTestTask.executeRecursively(NodeTestTask.java:138)
	at org.junit.platform.engine.support.hierarchical.NodeTestTask.execute(NodeTestTask.java:95)
	at org.junit.platform.engine.support.hierarchical.SameThreadHierarchicalTestExecutorService.submit(SameThreadHierarchicalTestExecutorService.java:35)
	at org.junit.platform.engine.support.hierarchical.HierarchicalTestExecutor.execute(HierarchicalTestExecutor.java:57)
	at org.junit.platform.engine.support.hierarchical.HierarchicalTestEngine.execute(HierarchicalTestEngine.java:54)
	at org.junit.platform.launcher.core.EngineExecutionOrchestrator.execute(EngineExecutionOrchestrator.java:107)
	at org.junit.platform.launcher.core.EngineExecutionOrchestrator.execute(EngineExecutionOrchestrator.java:88)
	at org.junit.platform.launcher.core.EngineExecutionOrchestrator.lambda$execute$0(EngineExecutionOrchestrator.java:54)
	at org.junit.platform.launcher.core.EngineExecutionOrchestrator.withInterceptedStreams(EngineExecutionOrchestrator.java:67)
	at org.junit.platform.launcher.core.EngineExecutionOrchestrator.execute(EngineExecutionOrchestrator.java:52)
	at org.junit.platform.launcher.core.DefaultLauncher.execute(DefaultLauncher.java:114)
	at org.junit.platform.launcher.core.DefaultLauncher.execute(DefaultLauncher.java:86)
	at org.junit.platform.launcher.core.DefaultLauncherSession$DelegatingLauncher.execute(DefaultLauncherSession.java:86)
	at org.apache.maven.surefire.junitplatform.LazyLauncher.execute(LazyLauncher.java:56)
	at org.apache.maven.surefire.junitplatform.JUnitPlatformProvider.execute(JUnitPlatformProvider.java:194)
	at org.apache.maven.surefire.junitplatform.JUnitPlatformProvider.invokeAllTests(JUnitPlatformProvider.java:150)
	at org.apache.maven.surefire.junitplatform.JUnitPlatformProvider.invoke(JUnitPlatformProvider.java:124)
	at org.apache.maven.surefire.booter.ForkedBooter.runSuitesInProcess(ForkedBooter.java:385)
	at org.apache.maven.surefire.booter.ForkedBooter.execute(ForkedBooter.java:162)
	at org.apache.maven.surefire.booter.ForkedBooter.run(ForkedBooter.java:507)
	at org.apache.maven.surefire.booter.ForkedBooter.main(ForkedBooter.java:495)

cn.kyc.dandanxia.module.infra.service.codegen.inner.CodegenEngineVben5AntdGeneralTest.testExecute_master_erp -- Time elapsed: 0.184 s <<< FAILURE!
org.opentest4j.AssertionFailedError: 生成文件集合不匹配 ==> expected: <[kyc-module-infra/src/main/java/cn.kyc.dandanxia/module/infra/controller/admin/demo/vo/InfraStudentPageReqVO.java, kyc-module-infra/src/main/java/cn.kyc.dandanxia/module/infra/controller/admin/demo/vo/InfraStudentRespVO.java, kyc-module-infra/src/main/java/cn.kyc.dandanxia/module/infra/controller/admin/demo/vo/InfraStudentSaveReqVO.java, kyc-module-infra/src/main/java/cn.kyc.dandanxia/module/infra/controller/admin/demo/InfraStudentController.java, kyc-module-infra/src/main/java/cn.kyc.dandanxia/module/infra/dal/dataobject/demo/InfraStudentDO.java, kyc-module-infra/src/main/java/cn.kyc.dandanxia/module/infra/dal/dataobject/demo/InfraStudentContactDO.java, kyc-module-infra/src/main/java/cn.kyc.dandanxia/module/infra/dal/dataobject/demo/InfraStudentTeacherDO.java, kyc-module-infra/src/main/java/cn.kyc.dandanxia/module/infra/dal/mysql/demo/InfraStudentMapper.java, kyc-module-infra/src/main/java/cn.kyc.dandanxia/module/infra/dal/mysql/demo/InfraStudentContactMapper.java, kyc-module-infra/src/main/java/cn.kyc.dandanxia/module/infra/dal/mysql/demo/InfraStudentTeacherMapper.java, kyc-module-infra/src/main/resources/mapper/demo/InfraStudentMapper.xml, kyc-module-infra/src/main/java/cn.kyc.dandanxia/module/infra/service/demo/InfraStudentServiceImpl.java, kyc-module-infra/src/main/java/cn.kyc.dandanxia/module/infra/service/demo/InfraStudentService.java, kyc-module-infra/src/test/java/cn.kyc.dandanxia/module/infra/service/demo/InfraStudentServiceImplTest.java, kyc-module-infra/src/main/java/cn.kyc.dandanxia/module/infra/enums/ErrorCodeConstants_手动操作.java, sql/sql.sql, sql/h2.sql, kyc-ui-admin-vben/src/views/infra/demo/index.vue, kyc-ui-admin-vben/src/views/infra/demo/modules/form.vue, kyc-ui-admin-vben/src/api/infra/demo/index.ts, kyc-ui-admin-vben/src/views/infra/demo/modules/student-contact-form.vue, kyc-ui-admin-vben/src/views/infra/demo/modules/student-teacher-form.vue, kyc-ui-admin-vben/src/views/infra/demo/modules/student-contact-list.vue, kyc-ui-admin-vben/src/views/infra/demo/modules/student-teacher-list.vue]> but was: <[kyc-module-infra/src/main/java/cn/kyc/dandanxia/module/infra/controller/admin/demo/vo/InfraStudentPageReqVO.java, kyc-module-infra/src/main/java/cn/kyc/dandanxia/module/infra/controller/admin/demo/vo/InfraStudentRespVO.java, kyc-module-infra/src/main/java/cn/kyc/dandanxia/module/infra/controller/admin/demo/vo/InfraStudentSaveReqVO.java, kyc-module-infra/src/main/java/cn/kyc/dandanxia/module/infra/controller/admin/demo/InfraStudentController.java, kyc-module-infra/src/main/java/cn/kyc/dandanxia/module/infra/dal/dataobject/demo/InfraStudentDO.java, kyc-module-infra/src/main/java/cn/kyc/dandanxia/module/infra/dal/dataobject/demo/InfraStudentContactDO.java, kyc-module-infra/src/main/java/cn/kyc/dandanxia/module/infra/dal/dataobject/demo/InfraStudentTeacherDO.java, kyc-module-infra/src/main/java/cn/kyc/dandanxia/module/infra/dal/mysql/demo/InfraStudentMapper.java, kyc-module-infra/src/main/java/cn/kyc/dandanxia/module/infra/dal/mysql/demo/InfraStudentContactMapper.java, kyc-module-infra/src/main/java/cn/kyc/dandanxia/module/infra/dal/mysql/demo/InfraStudentTeacherMapper.java, kyc-module-infra/src/main/resources/mapper/demo/InfraStudentMapper.xml, kyc-module-infra/src/main/java/cn/kyc/dandanxia/module/infra/service/demo/InfraStudentServiceImpl.java, kyc-module-infra/src/main/java/cn/kyc/dandanxia/module/infra/service/demo/InfraStudentService.java, kyc-module-infra/src/test/java/cn/kyc/dandanxia/module/infra/service/demo/InfraStudentServiceImplTest.java, kyc-module-infra/src/main/java/cn/kyc/dandanxia/module/infra/enums/ErrorCodeConstants_手动操作.java, sql/sql.sql, sql/h2.sql, kyc-ui-admin-vben/src/views/infra/demo/index.vue, kyc-ui-admin-vben/src/views/infra/demo/modules/form.vue, kyc-ui-admin-vben/src/api/infra/demo/index.ts, kyc-ui-admin-vben/src/views/infra/demo/modules/student-contact-form.vue, kyc-ui-admin-vben/src/views/infra/demo/modules/student-teacher-form.vue, kyc-ui-admin-vben/src/views/infra/demo/modules/student-contact-list.vue, kyc-ui-admin-vben/src/views/infra/demo/modules/student-teacher-list.vue]>
	at org.junit.jupiter.api.AssertionUtils.fail(AssertionUtils.java:55)
	at org.junit.jupiter.api.AssertionUtils.failNotEqual(AssertionUtils.java:62)
	at org.junit.jupiter.api.AssertEquals.assertEquals(AssertEquals.java:182)
	at org.junit.jupiter.api.Assertions.assertEquals(Assertions.java:1152)
	at cn.kyc.dandanxia.module.infra.service.codegen.inner.CodegenEngineAbstractTest.assertResult(CodegenEngineAbstractTest.java:106)
	at cn.kyc.dandanxia.module.infra.service.codegen.inner.CodegenEngineVben5AntdGeneralTest.testExecute_master(CodegenEngineVben5AntdGeneralTest.java:106)
	at cn.kyc.dandanxia.module.infra.service.codegen.inner.CodegenEngineVben5AntdGeneralTest.testExecute_master_erp(CodegenEngineVben5AntdGeneralTest.java:75)
	at java.base/jdk.internal.reflect.NativeMethodAccessorImpl.invoke0(Native Method)
	at java.base/jdk.internal.reflect.NativeMethodAccessorImpl.invoke(NativeMethodAccessorImpl.java:77)
	at java.base/jdk.internal.reflect.DelegatingMethodAccessorImpl.invoke(DelegatingMethodAccessorImpl.java:43)
	at java.base/java.lang.reflect.Method.invoke(Method.java:568)
	at org.junit.platform.commons.util.ReflectionUtils.invokeMethod(ReflectionUtils.java:725)
	at org.junit.jupiter.engine.execution.MethodInvocation.proceed(MethodInvocation.java:60)
	at org.junit.jupiter.engine.execution.InvocationInterceptorChain$ValidatingInvocation.proceed(InvocationInterceptorChain.java:131)
	at org.junit.jupiter.engine.extension.TimeoutExtension.intercept(TimeoutExtension.java:149)
	at org.junit.jupiter.engine.extension.TimeoutExtension.interceptTestableMethod(TimeoutExtension.java:140)
	at org.junit.jupiter.engine.extension.TimeoutExtension.interceptTestMethod(TimeoutExtension.java:84)
	at org.junit.jupiter.engine.execution.ExecutableInvoker$ReflectiveInterceptorCall.lambda$ofVoidMethod$0(ExecutableInvoker.java:115)
	at org.junit.jupiter.engine.execution.ExecutableInvoker.lambda$invoke$0(ExecutableInvoker.java:105)
	at org.junit.jupiter.engine.execution.InvocationInterceptorChain$InterceptedInvocation.proceed(InvocationInterceptorChain.java:106)
	at org.junit.jupiter.engine.execution.InvocationInterceptorChain.proceed(InvocationInterceptorChain.java:64)
	at org.junit.jupiter.engine.execution.InvocationInterceptorChain.chainAndInvoke(InvocationInterceptorChain.java:45)
	at org.junit.jupiter.engine.execution.InvocationInterceptorChain.invoke(InvocationInterceptorChain.java:37)
	at org.junit.jupiter.engine.execution.ExecutableInvoker.invoke(ExecutableInvoker.java:104)
	at org.junit.jupiter.engine.execution.ExecutableInvoker.invoke(ExecutableInvoker.java:98)
	at org.junit.jupiter.engine.descriptor.TestMethodTestDescriptor.lambda$invokeTestMethod$7(TestMethodTestDescriptor.java:214)
	at org.junit.platform.engine.support.hierarchical.ThrowableCollector.execute(ThrowableCollector.java:73)
	at org.junit.jupiter.engine.descriptor.TestMethodTestDescriptor.invokeTestMethod(TestMethodTestDescriptor.java:210)
	at org.junit.jupiter.engine.descriptor.TestMethodTestDescriptor.execute(TestMethodTestDescriptor.java:135)
	at org.junit.jupiter.engine.descriptor.TestMethodTestDescriptor.execute(TestMethodTestDescriptor.java:66)
	at org.junit.platform.engine.support.hierarchical.NodeTestTask.lambda$executeRecursively$6(NodeTestTask.java:151)
	at org.junit.platform.engine.support.hierarchical.ThrowableCollector.execute(ThrowableCollector.java:73)
	at org.junit.platform.engine.support.hierarchical.NodeTestTask.lambda$executeRecursively$8(NodeTestTask.java:141)
	at org.junit.platform.engine.support.hierarchical.Node.around(Node.java:137)
	at org.junit.platform.engine.support.hierarchical.NodeTestTask.lambda$executeRecursively$9(NodeTestTask.java:139)
	at org.junit.platform.engine.support.hierarchical.ThrowableCollector.execute(ThrowableCollector.java:73)
	at org.junit.platform.engine.support.hierarchical.NodeTestTask.executeRecursively(NodeTestTask.java:138)
	at org.junit.platform.engine.support.hierarchical.NodeTestTask.execute(NodeTestTask.java:95)
	at java.base/java.util.ArrayList.forEach(ArrayList.java:1511)
	at org.junit.platform.engine.support.hierarchical.SameThreadHierarchicalTestExecutorService.invokeAll(SameThreadHierarchicalTestExecutorService.java:41)
	at org.junit.platform.engine.support.hierarchical.NodeTestTask.lambda$executeRecursively$6(NodeTestTask.java:155)
	at org.junit.platform.engine.support.hierarchical.ThrowableCollector.execute(ThrowableCollector.java:73)
	at org.junit.platform.engine.support.hierarchical.NodeTestTask.lambda$executeRecursively$8(NodeTestTask.java:141)
	at org.junit.platform.engine.support.hierarchical.Node.around(Node.java:137)
	at org.junit.platform.engine.support.hierarchical.NodeTestTask.lambda$executeRecursively$9(NodeTestTask.java:139)
	at org.junit.platform.engine.support.hierarchical.ThrowableCollector.execute(ThrowableCollector.java:73)
	at org.junit.platform.engine.support.hierarchical.NodeTestTask.executeRecursively(NodeTestTask.java:138)
	at org.junit.platform.engine.support.hierarchical.NodeTestTask.execute(NodeTestTask.java:95)
	at java.base/java.util.ArrayList.forEach(ArrayList.java:1511)
	at org.junit.platform.engine.support.hierarchical.SameThreadHierarchicalTestExecutorService.invokeAll(SameThreadHierarchicalTestExecutorService.java:41)
	at org.junit.platform.engine.support.hierarchical.NodeTestTask.lambda$executeRecursively$6(NodeTestTask.java:155)
	at org.junit.platform.engine.support.hierarchical.ThrowableCollector.execute(ThrowableCollector.java:73)
	at org.junit.platform.engine.support.hierarchical.NodeTestTask.lambda$executeRecursively$8(NodeTestTask.java:141)
	at org.junit.platform.engine.support.hierarchical.Node.around(Node.java:137)
	at org.junit.platform.engine.support.hierarchical.NodeTestTask.lambda$executeRecursively$9(NodeTestTask.java:139)
	at org.junit.platform.engine.support.hierarchical.ThrowableCollector.execute(ThrowableCollector.java:73)
	at org.junit.platform.engine.support.hierarchical.NodeTestTask.executeRecursively(NodeTestTask.java:138)
	at org.junit.platform.engine.support.hierarchical.NodeTestTask.execute(NodeTestTask.java:95)
	at org.junit.platform.engine.support.hierarchical.SameThreadHierarchicalTestExecutorService.submit(SameThreadHierarchicalTestExecutorService.java:35)
	at org.junit.platform.engine.support.hierarchical.HierarchicalTestExecutor.execute(HierarchicalTestExecutor.java:57)
	at org.junit.platform.engine.support.hierarchical.HierarchicalTestEngine.execute(HierarchicalTestEngine.java:54)
	at org.junit.platform.launcher.core.EngineExecutionOrchestrator.execute(EngineExecutionOrchestrator.java:107)
	at org.junit.platform.launcher.core.EngineExecutionOrchestrator.execute(EngineExecutionOrchestrator.java:88)
	at org.junit.platform.launcher.core.EngineExecutionOrchestrator.lambda$execute$0(EngineExecutionOrchestrator.java:54)
	at org.junit.platform.launcher.core.EngineExecutionOrchestrator.withInterceptedStreams(EngineExecutionOrchestrator.java:67)
	at org.junit.platform.launcher.core.EngineExecutionOrchestrator.execute(EngineExecutionOrchestrator.java:52)
	at org.junit.platform.launcher.core.DefaultLauncher.execute(DefaultLauncher.java:114)
	at org.junit.platform.launcher.core.DefaultLauncher.execute(DefaultLauncher.java:86)
	at org.junit.platform.launcher.core.DefaultLauncherSession$DelegatingLauncher.execute(DefaultLauncherSession.java:86)
	at org.apache.maven.surefire.junitplatform.LazyLauncher.execute(LazyLauncher.java:56)
	at org.apache.maven.surefire.junitplatform.JUnitPlatformProvider.execute(JUnitPlatformProvider.java:194)
	at org.apache.maven.surefire.junitplatform.JUnitPlatformProvider.invokeAllTests(JUnitPlatformProvider.java:150)
	at org.apache.maven.surefire.junitplatform.JUnitPlatformProvider.invoke(JUnitPlatformProvider.java:124)
	at org.apache.maven.surefire.booter.ForkedBooter.runSuitesInProcess(ForkedBooter.java:385)
	at org.apache.maven.surefire.booter.ForkedBooter.execute(ForkedBooter.java:162)
	at org.apache.maven.surefire.booter.ForkedBooter.run(ForkedBooter.java:507)
	at org.apache.maven.surefire.booter.ForkedBooter.main(ForkedBooter.java:495)

cn.kyc.dandanxia.module.infra.service.codegen.inner.CodegenEngineVben5AntdGeneralTest.testExecute_tree -- Time elapsed: 0.156 s <<< FAILURE!
org.opentest4j.AssertionFailedError: 生成文件集合不匹配 ==> expected: <[kyc-module-infra/src/main/java/cn.kyc.dandanxia/module/infra/controller/admin/demo/vo/InfraCategoryListReqVO.java, kyc-module-infra/src/main/java/cn.kyc.dandanxia/module/infra/controller/admin/demo/vo/InfraCategoryRespVO.java, kyc-module-infra/src/main/java/cn.kyc.dandanxia/module/infra/controller/admin/demo/vo/InfraCategorySaveReqVO.java, kyc-module-infra/src/main/java/cn.kyc.dandanxia/module/infra/controller/admin/demo/InfraCategoryController.java, kyc-module-infra/src/main/java/cn.kyc.dandanxia/module/infra/dal/dataobject/demo/InfraCategoryDO.java, kyc-module-infra/src/main/java/cn.kyc.dandanxia/module/infra/dal/mysql/demo/InfraCategoryMapper.java, kyc-module-infra/src/main/resources/mapper/demo/InfraCategoryMapper.xml, kyc-module-infra/src/main/java/cn.kyc.dandanxia/module/infra/service/demo/InfraCategoryServiceImpl.java, kyc-module-infra/src/main/java/cn.kyc.dandanxia/module/infra/service/demo/InfraCategoryService.java, kyc-module-infra/src/test/java/cn.kyc.dandanxia/module/infra/service/demo/InfraCategoryServiceImplTest.java, kyc-module-infra/src/main/java/cn.kyc.dandanxia/module/infra/enums/ErrorCodeConstants_手动操作.java, sql/sql.sql, sql/h2.sql, kyc-ui-admin-vben/src/views/infra/demo/index.vue, kyc-ui-admin-vben/src/views/infra/demo/modules/form.vue, kyc-ui-admin-vben/src/api/infra/demo/index.ts]> but was: <[kyc-module-infra/src/main/java/cn/kyc/dandanxia/module/infra/controller/admin/demo/vo/InfraCategoryListReqVO.java, kyc-module-infra/src/main/java/cn/kyc/dandanxia/module/infra/controller/admin/demo/vo/InfraCategoryRespVO.java, kyc-module-infra/src/main/java/cn/kyc/dandanxia/module/infra/controller/admin/demo/vo/InfraCategorySaveReqVO.java, kyc-module-infra/src/main/java/cn/kyc/dandanxia/module/infra/controller/admin/demo/InfraCategoryController.java, kyc-module-infra/src/main/java/cn/kyc/dandanxia/module/infra/dal/dataobject/demo/InfraCategoryDO.java, kyc-module-infra/src/main/java/cn/kyc/dandanxia/module/infra/dal/mysql/demo/InfraCategoryMapper.java, kyc-module-infra/src/main/resources/mapper/demo/InfraCategoryMapper.xml, kyc-module-infra/src/main/java/cn/kyc/dandanxia/module/infra/service/demo/InfraCategoryServiceImpl.java, kyc-module-infra/src/main/java/cn/kyc/dandanxia/module/infra/service/demo/InfraCategoryService.java, kyc-module-infra/src/test/java/cn/kyc/dandanxia/module/infra/service/demo/InfraCategoryServiceImplTest.java, kyc-module-infra/src/main/java/cn/kyc/dandanxia/module/infra/enums/ErrorCodeConstants_手动操作.java, sql/sql.sql, sql/h2.sql, kyc-ui-admin-vben/src/views/infra/demo/index.vue, kyc-ui-admin-vben/src/views/infra/demo/modules/form.vue, kyc-ui-admin-vben/src/api/infra/demo/index.ts]>
	at org.junit.jupiter.api.AssertionUtils.fail(AssertionUtils.java:55)
	at org.junit.jupiter.api.AssertionUtils.failNotEqual(AssertionUtils.java:62)
	at org.junit.jupiter.api.AssertEquals.assertEquals(AssertEquals.java:182)
	at org.junit.jupiter.api.Assertions.assertEquals(Assertions.java:1152)
	at cn.kyc.dandanxia.module.infra.service.codegen.inner.CodegenEngineAbstractTest.assertResult(CodegenEngineAbstractTest.java:106)
	at cn.kyc.dandanxia.module.infra.service.codegen.inner.CodegenEngineVben5AntdGeneralTest.testExecute_tree(CodegenEngineVben5AntdGeneralTest.java:65)
	at java.base/jdk.internal.reflect.NativeMethodAccessorImpl.invoke0(Native Method)
	at java.base/jdk.internal.reflect.NativeMethodAccessorImpl.invoke(NativeMethodAccessorImpl.java:77)
	at java.base/jdk.internal.reflect.DelegatingMethodAccessorImpl.invoke(DelegatingMethodAccessorImpl.java:43)
	at java.base/java.lang.reflect.Method.invoke(Method.java:568)
	at org.junit.platform.commons.util.ReflectionUtils.invokeMethod(ReflectionUtils.java:725)
	at org.junit.jupiter.engine.execution.MethodInvocation.proceed(MethodInvocation.java:60)
	at org.junit.jupiter.engine.execution.InvocationInterceptorChain$ValidatingInvocation.proceed(InvocationInterceptorChain.java:131)
	at org.junit.jupiter.engine.extension.TimeoutExtension.intercept(TimeoutExtension.java:149)
	at org.junit.jupiter.engine.extension.TimeoutExtension.interceptTestableMethod(TimeoutExtension.java:140)
	at org.junit.jupiter.engine.extension.TimeoutExtension.interceptTestMethod(TimeoutExtension.java:84)
	at org.junit.jupiter.engine.execution.ExecutableInvoker$ReflectiveInterceptorCall.lambda$ofVoidMethod$0(ExecutableInvoker.java:115)
	at org.junit.jupiter.engine.execution.ExecutableInvoker.lambda$invoke$0(ExecutableInvoker.java:105)
	at org.junit.jupiter.engine.execution.InvocationInterceptorChain$InterceptedInvocation.proceed(InvocationInterceptorChain.java:106)
	at org.junit.jupiter.engine.execution.InvocationInterceptorChain.proceed(InvocationInterceptorChain.java:64)
	at org.junit.jupiter.engine.execution.InvocationInterceptorChain.chainAndInvoke(InvocationInterceptorChain.java:45)
	at org.junit.jupiter.engine.execution.InvocationInterceptorChain.invoke(InvocationInterceptorChain.java:37)
	at org.junit.jupiter.engine.execution.ExecutableInvoker.invoke(ExecutableInvoker.java:104)
	at org.junit.jupiter.engine.execution.ExecutableInvoker.invoke(ExecutableInvoker.java:98)
	at org.junit.jupiter.engine.descriptor.TestMethodTestDescriptor.lambda$invokeTestMethod$7(TestMethodTestDescriptor.java:214)
	at org.junit.platform.engine.support.hierarchical.ThrowableCollector.execute(ThrowableCollector.java:73)
	at org.junit.jupiter.engine.descriptor.TestMethodTestDescriptor.invokeTestMethod(TestMethodTestDescriptor.java:210)
	at org.junit.jupiter.engine.descriptor.TestMethodTestDescriptor.execute(TestMethodTestDescriptor.java:135)
	at org.junit.jupiter.engine.descriptor.TestMethodTestDescriptor.execute(TestMethodTestDescriptor.java:66)
	at org.junit.platform.engine.support.hierarchical.NodeTestTask.lambda$executeRecursively$6(NodeTestTask.java:151)
	at org.junit.platform.engine.support.hierarchical.ThrowableCollector.execute(ThrowableCollector.java:73)
	at org.junit.platform.engine.support.hierarchical.NodeTestTask.lambda$executeRecursively$8(NodeTestTask.java:141)
	at org.junit.platform.engine.support.hierarchical.Node.around(Node.java:137)
	at org.junit.platform.engine.support.hierarchical.NodeTestTask.lambda$executeRecursively$9(NodeTestTask.java:139)
	at org.junit.platform.engine.support.hierarchical.ThrowableCollector.execute(ThrowableCollector.java:73)
	at org.junit.platform.engine.support.hierarchical.NodeTestTask.executeRecursively(NodeTestTask.java:138)
	at org.junit.platform.engine.support.hierarchical.NodeTestTask.execute(NodeTestTask.java:95)
	at java.base/java.util.ArrayList.forEach(ArrayList.java:1511)
	at org.junit.platform.engine.support.hierarchical.SameThreadHierarchicalTestExecutorService.invokeAll(SameThreadHierarchicalTestExecutorService.java:41)
	at org.junit.platform.engine.support.hierarchical.NodeTestTask.lambda$executeRecursively$6(NodeTestTask.java:155)
	at org.junit.platform.engine.support.hierarchical.ThrowableCollector.execute(ThrowableCollector.java:73)
	at org.junit.platform.engine.support.hierarchical.NodeTestTask.lambda$executeRecursively$8(NodeTestTask.java:141)
	at org.junit.platform.engine.support.hierarchical.Node.around(Node.java:137)
	at org.junit.platform.engine.support.hierarchical.NodeTestTask.lambda$executeRecursively$9(NodeTestTask.java:139)
	at org.junit.platform.engine.support.hierarchical.ThrowableCollector.execute(ThrowableCollector.java:73)
	at org.junit.platform.engine.support.hierarchical.NodeTestTask.executeRecursively(NodeTestTask.java:138)
	at org.junit.platform.engine.support.hierarchical.NodeTestTask.execute(NodeTestTask.java:95)
	at java.base/java.util.ArrayList.forEach(ArrayList.java:1511)
	at org.junit.platform.engine.support.hierarchical.SameThreadHierarchicalTestExecutorService.invokeAll(SameThreadHierarchicalTestExecutorService.java:41)
	at org.junit.platform.engine.support.hierarchical.NodeTestTask.lambda$executeRecursively$6(NodeTestTask.java:155)
	at org.junit.platform.engine.support.hierarchical.ThrowableCollector.execute(ThrowableCollector.java:73)
	at org.junit.platform.engine.support.hierarchical.NodeTestTask.lambda$executeRecursively$8(NodeTestTask.java:141)
	at org.junit.platform.engine.support.hierarchical.Node.around(Node.java:137)
	at org.junit.platform.engine.support.hierarchical.NodeTestTask.lambda$executeRecursively$9(NodeTestTask.java:139)
	at org.junit.platform.engine.support.hierarchical.ThrowableCollector.execute(ThrowableCollector.java:73)
	at org.junit.platform.engine.support.hierarchical.NodeTestTask.executeRecursively(NodeTestTask.java:138)
	at org.junit.platform.engine.support.hierarchical.NodeTestTask.execute(NodeTestTask.java:95)
	at org.junit.platform.engine.support.hierarchical.SameThreadHierarchicalTestExecutorService.submit(SameThreadHierarchicalTestExecutorService.java:35)
	at org.junit.platform.engine.support.hierarchical.HierarchicalTestExecutor.execute(HierarchicalTestExecutor.java:57)
	at org.junit.platform.engine.support.hierarchical.HierarchicalTestEngine.execute(HierarchicalTestEngine.java:54)
	at org.junit.platform.launcher.core.EngineExecutionOrchestrator.execute(EngineExecutionOrchestrator.java:107)
	at org.junit.platform.launcher.core.EngineExecutionOrchestrator.execute(EngineExecutionOrchestrator.java:88)
	at org.junit.platform.launcher.core.EngineExecutionOrchestrator.lambda$execute$0(EngineExecutionOrchestrator.java:54)
	at org.junit.platform.launcher.core.EngineExecutionOrchestrator.withInterceptedStreams(EngineExecutionOrchestrator.java:67)
	at org.junit.platform.launcher.core.EngineExecutionOrchestrator.execute(EngineExecutionOrchestrator.java:52)
	at org.junit.platform.launcher.core.DefaultLauncher.execute(DefaultLauncher.java:114)
	at org.junit.platform.launcher.core.DefaultLauncher.execute(DefaultLauncher.java:86)
	at org.junit.platform.launcher.core.DefaultLauncherSession$DelegatingLauncher.execute(DefaultLauncherSession.java:86)
	at org.apache.maven.surefire.junitplatform.LazyLauncher.execute(LazyLauncher.java:56)
	at org.apache.maven.surefire.junitplatform.JUnitPlatformProvider.execute(JUnitPlatformProvider.java:194)
	at org.apache.maven.surefire.junitplatform.JUnitPlatformProvider.invokeAllTests(JUnitPlatformProvider.java:150)
	at org.apache.maven.surefire.junitplatform.JUnitPlatformProvider.invoke(JUnitPlatformProvider.java:124)
	at org.apache.maven.surefire.booter.ForkedBooter.runSuitesInProcess(ForkedBooter.java:385)
	at org.apache.maven.surefire.booter.ForkedBooter.execute(ForkedBooter.java:162)
	at org.apache.maven.surefire.booter.ForkedBooter.run(ForkedBooter.java:507)
	at org.apache.maven.surefire.booter.ForkedBooter.main(ForkedBooter.java:495)

cn.kyc.dandanxia.module.infra.service.codegen.inner.CodegenEngineVben5AntdGeneralTest.testExecute_one_importEnable -- Time elapsed: 0.410 s <<< FAILURE!
org.opentest4j.AssertionFailedError: 生成文件集合不匹配 ==> expected: <[kyc-module-infra/src/main/java/cn.kyc.dandanxia/module/infra/controller/admin/demo/vo/InfraStudentPageReqVO.java, kyc-module-infra/src/main/java/cn.kyc.dandanxia/module/infra/controller/admin/demo/vo/InfraStudentRespVO.java, kyc-module-infra/src/main/java/cn.kyc.dandanxia/module/infra/controller/admin/demo/vo/InfraStudentSaveReqVO.java, kyc-module-infra/src/main/java/cn.kyc.dandanxia/module/infra/controller/admin/demo/vo/InfraStudentImportExcelVO.java, kyc-module-infra/src/main/java/cn.kyc.dandanxia/module/infra/controller/admin/demo/vo/InfraStudentImportRespVO.java, kyc-module-infra/src/main/java/cn.kyc.dandanxia/module/infra/controller/admin/demo/InfraStudentController.java, kyc-module-infra/src/main/java/cn.kyc.dandanxia/module/infra/dal/dataobject/demo/InfraStudentDO.java, kyc-module-infra/src/main/java/cn.kyc.dandanxia/module/infra/dal/mysql/demo/InfraStudentMapper.java, kyc-module-infra/src/main/resources/mapper/demo/InfraStudentMapper.xml, kyc-module-infra/src/main/java/cn.kyc.dandanxia/module/infra/service/demo/InfraStudentServiceImpl.java, kyc-module-infra/src/main/java/cn.kyc.dandanxia/module/infra/service/demo/InfraStudentService.java, kyc-module-infra/src/test/java/cn.kyc.dandanxia/module/infra/service/demo/InfraStudentServiceImplTest.java, kyc-module-infra/src/main/java/cn.kyc.dandanxia/module/infra/enums/ErrorCodeConstants_手动操作.java, sql/sql.sql, sql/h2.sql, kyc-ui-admin-vben/src/views/infra/demo/index.vue, kyc-ui-admin-vben/src/views/infra/demo/modules/form.vue, kyc-ui-admin-vben/src/views/infra/demo/modules/import-form.vue, kyc-ui-admin-vben/src/api/infra/demo/index.ts]> but was: <[kyc-module-infra/src/main/java/cn/kyc/dandanxia/module/infra/controller/admin/demo/vo/InfraStudentPageReqVO.java, kyc-module-infra/src/main/java/cn/kyc/dandanxia/module/infra/controller/admin/demo/vo/InfraStudentRespVO.java, kyc-module-infra/src/main/java/cn/kyc/dandanxia/module/infra/controller/admin/demo/vo/InfraStudentSaveReqVO.java, kyc-module-infra/src/main/java/cn/kyc/dandanxia/module/infra/controller/admin/demo/vo/InfraStudentImportExcelVO.java, kyc-module-infra/src/main/java/cn/kyc/dandanxia/module/infra/controller/admin/demo/vo/InfraStudentImportRespVO.java, kyc-module-infra/src/main/java/cn/kyc/dandanxia/module/infra/controller/admin/demo/InfraStudentController.java, kyc-module-infra/src/main/java/cn/kyc/dandanxia/module/infra/dal/dataobject/demo/InfraStudentDO.java, kyc-module-infra/src/main/java/cn/kyc/dandanxia/module/infra/dal/mysql/demo/InfraStudentMapper.java, kyc-module-infra/src/main/resources/mapper/demo/InfraStudentMapper.xml, kyc-module-infra/src/main/java/cn/kyc/dandanxia/module/infra/service/demo/InfraStudentServiceImpl.java, kyc-module-infra/src/main/java/cn/kyc/dandanxia/module/infra/service/demo/InfraStudentService.java, kyc-module-infra/src/test/java/cn/kyc/dandanxia/module/infra/service/demo/InfraStudentServiceImplTest.java, kyc-module-infra/src/main/java/cn/kyc/dandanxia/module/infra/enums/ErrorCodeConstants_手动操作.java, sql/sql.sql, sql/h2.sql, kyc-ui-admin-vben/src/views/infra/demo/index.vue, kyc-ui-admin-vben/src/views/infra/demo/modules/form.vue, kyc-ui-admin-vben/src/views/infra/demo/modules/import-form.vue, kyc-ui-admin-vben/src/api/infra/demo/index.ts]>
	at org.junit.jupiter.api.AssertionUtils.fail(AssertionUtils.java:55)
	at org.junit.jupiter.api.AssertionUtils.failNotEqual(AssertionUtils.java:62)
	at org.junit.jupiter.api.AssertEquals.assertEquals(AssertEquals.java:182)
	at org.junit.jupiter.api.Assertions.assertEquals(Assertions.java:1152)
	at cn.kyc.dandanxia.module.infra.service.codegen.inner.CodegenEngineAbstractTest.assertResult(CodegenEngineAbstractTest.java:106)
	at cn.kyc.dandanxia.module.infra.service.codegen.inner.CodegenEngineVben5AntdGeneralTest.testExecute_one_importEnable(CodegenEngineVben5AntdGeneralTest.java:51)
	at java.base/jdk.internal.reflect.NativeMethodAccessorImpl.invoke0(Native Method)
	at java.base/jdk.internal.reflect.NativeMethodAccessorImpl.invoke(NativeMethodAccessorImpl.java:77)
	at java.base/jdk.internal.reflect.DelegatingMethodAccessorImpl.invoke(DelegatingMethodAccessorImpl.java:43)
	at java.base/java.lang.reflect.Method.invoke(Method.java:568)
	at org.junit.platform.commons.util.ReflectionUtils.invokeMethod(ReflectionUtils.java:725)
	at org.junit.jupiter.engine.execution.MethodInvocation.proceed(MethodInvocation.java:60)
	at org.junit.jupiter.engine.execution.InvocationInterceptorChain$ValidatingInvocation.proceed(InvocationInterceptorChain.java:131)
	at org.junit.jupiter.engine.extension.TimeoutExtension.intercept(TimeoutExtension.java:149)
	at org.junit.jupiter.engine.extension.TimeoutExtension.interceptTestableMethod(TimeoutExtension.java:140)
	at org.junit.jupiter.engine.extension.TimeoutExtension.interceptTestMethod(TimeoutExtension.java:84)
	at org.junit.jupiter.engine.execution.ExecutableInvoker$ReflectiveInterceptorCall.lambda$ofVoidMethod$0(ExecutableInvoker.java:115)
	at org.junit.jupiter.engine.execution.ExecutableInvoker.lambda$invoke$0(ExecutableInvoker.java:105)
	at org.junit.jupiter.engine.execution.InvocationInterceptorChain$InterceptedInvocation.proceed(InvocationInterceptorChain.java:106)
	at org.junit.jupiter.engine.execution.InvocationInterceptorChain.proceed(InvocationInterceptorChain.java:64)
	at org.junit.jupiter.engine.execution.InvocationInterceptorChain.chainAndInvoke(InvocationInterceptorChain.java:45)
	at org.junit.jupiter.engine.execution.InvocationInterceptorChain.invoke(InvocationInterceptorChain.java:37)
	at org.junit.jupiter.engine.execution.ExecutableInvoker.invoke(ExecutableInvoker.java:104)
	at org.junit.jupiter.engine.execution.ExecutableInvoker.invoke(ExecutableInvoker.java:98)
	at org.junit.jupiter.engine.descriptor.TestMethodTestDescriptor.lambda$invokeTestMethod$7(TestMethodTestDescriptor.java:214)
	at org.junit.platform.engine.support.hierarchical.ThrowableCollector.execute(ThrowableCollector.java:73)
	at org.junit.jupiter.engine.descriptor.TestMethodTestDescriptor.invokeTestMethod(TestMethodTestDescriptor.java:210)
	at org.junit.jupiter.engine.descriptor.TestMethodTestDescriptor.execute(TestMethodTestDescriptor.java:135)
	at org.junit.jupiter.engine.descriptor.TestMethodTestDescriptor.execute(TestMethodTestDescriptor.java:66)
	at org.junit.platform.engine.support.hierarchical.NodeTestTask.lambda$executeRecursively$6(NodeTestTask.java:151)
	at org.junit.platform.engine.support.hierarchical.ThrowableCollector.execute(ThrowableCollector.java:73)
	at org.junit.platform.engine.support.hierarchical.NodeTestTask.lambda$executeRecursively$8(NodeTestTask.java:141)
	at org.junit.platform.engine.support.hierarchical.Node.around(Node.java:137)
	at org.junit.platform.engine.support.hierarchical.NodeTestTask.lambda$executeRecursively$9(NodeTestTask.java:139)
	at org.junit.platform.engine.support.hierarchical.ThrowableCollector.execute(ThrowableCollector.java:73)
	at org.junit.platform.engine.support.hierarchical.NodeTestTask.executeRecursively(NodeTestTask.java:138)
	at org.junit.platform.engine.support.hierarchical.NodeTestTask.execute(NodeTestTask.java:95)
	at java.base/java.util.ArrayList.forEach(ArrayList.java:1511)
	at org.junit.platform.engine.support.hierarchical.SameThreadHierarchicalTestExecutorService.invokeAll(SameThreadHierarchicalTestExecutorService.java:41)
	at org.junit.platform.engine.support.hierarchical.NodeTestTask.lambda$executeRecursively$6(NodeTestTask.java:155)
	at org.junit.platform.engine.support.hierarchical.ThrowableCollector.execute(ThrowableCollector.java:73)
	at org.junit.platform.engine.support.hierarchical.NodeTestTask.lambda$executeRecursively$8(NodeTestTask.java:141)
	at org.junit.platform.engine.support.hierarchical.Node.around(Node.java:137)
	at org.junit.platform.engine.support.hierarchical.NodeTestTask.lambda$executeRecursively$9(NodeTestTask.java:139)
	at org.junit.platform.engine.support.hierarchical.ThrowableCollector.execute(ThrowableCollector.java:73)
	at org.junit.platform.engine.support.hierarchical.NodeTestTask.executeRecursively(NodeTestTask.java:138)
	at org.junit.platform.engine.support.hierarchical.NodeTestTask.execute(NodeTestTask.java:95)
	at java.base/java.util.ArrayList.forEach(ArrayList.java:1511)
	at org.junit.platform.engine.support.hierarchical.SameThreadHierarchicalTestExecutorService.invokeAll(SameThreadHierarchicalTestExecutorService.java:41)
	at org.junit.platform.engine.support.hierarchical.NodeTestTask.lambda$executeRecursively$6(NodeTestTask.java:155)
	at org.junit.platform.engine.support.hierarchical.ThrowableCollector.execute(ThrowableCollector.java:73)
	at org.junit.platform.engine.support.hierarchical.NodeTestTask.lambda$executeRecursively$8(NodeTestTask.java:141)
	at org.junit.platform.engine.support.hierarchical.Node.around(Node.java:137)
	at org.junit.platform.engine.support.hierarchical.NodeTestTask.lambda$executeRecursively$9(NodeTestTask.java:139)
	at org.junit.platform.engine.support.hierarchical.ThrowableCollector.execute(ThrowableCollector.java:73)
	at org.junit.platform.engine.support.hierarchical.NodeTestTask.executeRecursively(NodeTestTask.java:138)
	at org.junit.platform.engine.support.hierarchical.NodeTestTask.execute(NodeTestTask.java:95)
	at org.junit.platform.engine.support.hierarchical.SameThreadHierarchicalTestExecutorService.submit(SameThreadHierarchicalTestExecutorService.java:35)
	at org.junit.platform.engine.support.hierarchical.HierarchicalTestExecutor.execute(HierarchicalTestExecutor.java:57)
	at org.junit.platform.engine.support.hierarchical.HierarchicalTestEngine.execute(HierarchicalTestEngine.java:54)
	at org.junit.platform.launcher.core.EngineExecutionOrchestrator.execute(EngineExecutionOrchestrator.java:107)
	at org.junit.platform.launcher.core.EngineExecutionOrchestrator.execute(EngineExecutionOrchestrator.java:88)
	at org.junit.platform.launcher.core.EngineExecutionOrchestrator.lambda$execute$0(EngineExecutionOrchestrator.java:54)
	at org.junit.platform.launcher.core.EngineExecutionOrchestrator.withInterceptedStreams(EngineExecutionOrchestrator.java:67)
	at org.junit.platform.launcher.core.EngineExecutionOrchestrator.execute(EngineExecutionOrchestrator.java:52)
	at org.junit.platform.launcher.core.DefaultLauncher.execute(DefaultLauncher.java:114)
	at org.junit.platform.launcher.core.DefaultLauncher.execute(DefaultLauncher.java:86)
	at org.junit.platform.launcher.core.DefaultLauncherSession$DelegatingLauncher.execute(DefaultLauncherSession.java:86)
	at org.apache.maven.surefire.junitplatform.LazyLauncher.execute(LazyLauncher.java:56)
	at org.apache.maven.surefire.junitplatform.JUnitPlatformProvider.execute(JUnitPlatformProvider.java:194)
	at org.apache.maven.surefire.junitplatform.JUnitPlatformProvider.invokeAllTests(JUnitPlatformProvider.java:150)
	at org.apache.maven.surefire.junitplatform.JUnitPlatformProvider.invoke(JUnitPlatformProvider.java:124)
	at org.apache.maven.surefire.booter.ForkedBooter.runSuitesInProcess(ForkedBooter.java:385)
	at org.apache.maven.surefire.booter.ForkedBooter.execute(ForkedBooter.java:162)
	at org.apache.maven.surefire.booter.ForkedBooter.run(ForkedBooter.java:507)
	at org.apache.maven.surefire.booter.ForkedBooter.main(ForkedBooter.java:495)

cn.kyc.dandanxia.module.infra.service.codegen.inner.CodegenEngineVben5AntdGeneralTest.testExecute_master_normal -- Time elapsed: 0.293 s <<< FAILURE!
org.opentest4j.AssertionFailedError: 生成文件集合不匹配 ==> expected: <[kyc-module-infra/src/main/java/cn.kyc.dandanxia/module/infra/controller/admin/demo/vo/InfraStudentPageReqVO.java, kyc-module-infra/src/main/java/cn.kyc.dandanxia/module/infra/controller/admin/demo/vo/InfraStudentRespVO.java, kyc-module-infra/src/main/java/cn.kyc.dandanxia/module/infra/controller/admin/demo/vo/InfraStudentSaveReqVO.java, kyc-module-infra/src/main/java/cn.kyc.dandanxia/module/infra/controller/admin/demo/InfraStudentController.java, kyc-module-infra/src/main/java/cn.kyc.dandanxia/module/infra/dal/dataobject/demo/InfraStudentDO.java, kyc-module-infra/src/main/java/cn.kyc.dandanxia/module/infra/dal/dataobject/demo/InfraStudentContactDO.java, kyc-module-infra/src/main/java/cn.kyc.dandanxia/module/infra/dal/dataobject/demo/InfraStudentTeacherDO.java, kyc-module-infra/src/main/java/cn.kyc.dandanxia/module/infra/dal/mysql/demo/InfraStudentMapper.java, kyc-module-infra/src/main/java/cn.kyc.dandanxia/module/infra/dal/mysql/demo/InfraStudentContactMapper.java, kyc-module-infra/src/main/java/cn.kyc.dandanxia/module/infra/dal/mysql/demo/InfraStudentTeacherMapper.java, kyc-module-infra/src/main/resources/mapper/demo/InfraStudentMapper.xml, kyc-module-infra/src/main/java/cn.kyc.dandanxia/module/infra/service/demo/InfraStudentServiceImpl.java, kyc-module-infra/src/main/java/cn.kyc.dandanxia/module/infra/service/demo/InfraStudentService.java, kyc-module-infra/src/test/java/cn.kyc.dandanxia/module/infra/service/demo/InfraStudentServiceImplTest.java, kyc-module-infra/src/main/java/cn.kyc.dandanxia/module/infra/enums/ErrorCodeConstants_手动操作.java, sql/sql.sql, sql/h2.sql, kyc-ui-admin-vben/src/views/infra/demo/index.vue, kyc-ui-admin-vben/src/views/infra/demo/modules/form.vue, kyc-ui-admin-vben/src/api/infra/demo/index.ts, kyc-ui-admin-vben/src/views/infra/demo/modules/student-contact-form.vue, kyc-ui-admin-vben/src/views/infra/demo/modules/student-teacher-form.vue]> but was: <[kyc-module-infra/src/main/java/cn/kyc/dandanxia/module/infra/controller/admin/demo/vo/InfraStudentPageReqVO.java, kyc-module-infra/src/main/java/cn/kyc/dandanxia/module/infra/controller/admin/demo/vo/InfraStudentRespVO.java, kyc-module-infra/src/main/java/cn/kyc/dandanxia/module/infra/controller/admin/demo/vo/InfraStudentSaveReqVO.java, kyc-module-infra/src/main/java/cn/kyc/dandanxia/module/infra/controller/admin/demo/InfraStudentController.java, kyc-module-infra/src/main/java/cn/kyc/dandanxia/module/infra/dal/dataobject/demo/InfraStudentDO.java, kyc-module-infra/src/main/java/cn/kyc/dandanxia/module/infra/dal/dataobject/demo/InfraStudentContactDO.java, kyc-module-infra/src/main/java/cn/kyc/dandanxia/module/infra/dal/dataobject/demo/InfraStudentTeacherDO.java, kyc-module-infra/src/main/java/cn/kyc/dandanxia/module/infra/dal/mysql/demo/InfraStudentMapper.java, kyc-module-infra/src/main/java/cn/kyc/dandanxia/module/infra/dal/mysql/demo/InfraStudentContactMapper.java, kyc-module-infra/src/main/java/cn/kyc/dandanxia/module/infra/dal/mysql/demo/InfraStudentTeacherMapper.java, kyc-module-infra/src/main/resources/mapper/demo/InfraStudentMapper.xml, kyc-module-infra/src/main/java/cn/kyc/dandanxia/module/infra/service/demo/InfraStudentServiceImpl.java, kyc-module-infra/src/main/java/cn/kyc/dandanxia/module/infra/service/demo/InfraStudentService.java, kyc-module-infra/src/test/java/cn/kyc/dandanxia/module/infra/service/demo/InfraStudentServiceImplTest.java, kyc-module-infra/src/main/java/cn/kyc/dandanxia/module/infra/enums/ErrorCodeConstants_手动操作.java, sql/sql.sql, sql/h2.sql, kyc-ui-admin-vben/src/views/infra/demo/index.vue, kyc-ui-admin-vben/src/views/infra/demo/modules/form.vue, kyc-ui-admin-vben/src/api/infra/demo/index.ts, kyc-ui-admin-vben/src/views/infra/demo/modules/student-contact-form.vue, kyc-ui-admin-vben/src/views/infra/demo/modules/student-teacher-form.vue]>
	at org.junit.jupiter.api.AssertionUtils.fail(AssertionUtils.java:55)
	at org.junit.jupiter.api.AssertionUtils.failNotEqual(AssertionUtils.java:62)
	at org.junit.jupiter.api.AssertEquals.assertEquals(AssertEquals.java:182)
	at org.junit.jupiter.api.Assertions.assertEquals(Assertions.java:1152)
	at cn.kyc.dandanxia.module.infra.service.codegen.inner.CodegenEngineAbstractTest.assertResult(CodegenEngineAbstractTest.java:106)
	at cn.kyc.dandanxia.module.infra.service.codegen.inner.CodegenEngineVben5AntdGeneralTest.testExecute_master(CodegenEngineVben5AntdGeneralTest.java:106)
	at cn.kyc.dandanxia.module.infra.service.codegen.inner.CodegenEngineVben5AntdGeneralTest.testExecute_master_normal(CodegenEngineVben5AntdGeneralTest.java:70)
	at java.base/jdk.internal.reflect.NativeMethodAccessorImpl.invoke0(Native Method)
	at java.base/jdk.internal.reflect.NativeMethodAccessorImpl.invoke(NativeMethodAccessorImpl.java:77)
	at java.base/jdk.internal.reflect.DelegatingMethodAccessorImpl.invoke(DelegatingMethodAccessorImpl.java:43)
	at java.base/java.lang.reflect.Method.invoke(Method.java:568)
	at org.junit.platform.commons.util.ReflectionUtils.invokeMethod(ReflectionUtils.java:725)
	at org.junit.jupiter.engine.execution.MethodInvocation.proceed(MethodInvocation.java:60)
	at org.junit.jupiter.engine.execution.InvocationInterceptorChain$ValidatingInvocation.proceed(InvocationInterceptorChain.java:131)
	at org.junit.jupiter.engine.extension.TimeoutExtension.intercept(TimeoutExtension.java:149)
	at org.junit.jupiter.engine.extension.TimeoutExtension.interceptTestableMethod(TimeoutExtension.java:140)
	at org.junit.jupiter.engine.extension.TimeoutExtension.interceptTestMethod(TimeoutExtension.java:84)
	at org.junit.jupiter.engine.execution.ExecutableInvoker$ReflectiveInterceptorCall.lambda$ofVoidMethod$0(ExecutableInvoker.java:115)
	at org.junit.jupiter.engine.execution.ExecutableInvoker.lambda$invoke$0(ExecutableInvoker.java:105)
	at org.junit.jupiter.engine.execution.InvocationInterceptorChain$InterceptedInvocation.proceed(InvocationInterceptorChain.java:106)
	at org.junit.jupiter.engine.execution.InvocationInterceptorChain.proceed(InvocationInterceptorChain.java:64)
	at org.junit.jupiter.engine.execution.InvocationInterceptorChain.chainAndInvoke(InvocationInterceptorChain.java:45)
	at org.junit.jupiter.engine.execution.InvocationInterceptorChain.invoke(InvocationInterceptorChain.java:37)
	at org.junit.jupiter.engine.execution.ExecutableInvoker.invoke(ExecutableInvoker.java:104)
	at org.junit.jupiter.engine.execution.ExecutableInvoker.invoke(ExecutableInvoker.java:98)
	at org.junit.jupiter.engine.descriptor.TestMethodTestDescriptor.lambda$invokeTestMethod$7(TestMethodTestDescriptor.java:214)
	at org.junit.platform.engine.support.hierarchical.ThrowableCollector.execute(ThrowableCollector.java:73)
	at org.junit.jupiter.engine.descriptor.TestMethodTestDescriptor.invokeTestMethod(TestMethodTestDescriptor.java:210)
	at org.junit.jupiter.engine.descriptor.TestMethodTestDescriptor.execute(TestMethodTestDescriptor.java:135)
	at org.junit.jupiter.engine.descriptor.TestMethodTestDescriptor.execute(TestMethodTestDescriptor.java:66)
	at org.junit.platform.engine.support.hierarchical.NodeTestTask.lambda$executeRecursively$6(NodeTestTask.java:151)
	at org.junit.platform.engine.support.hierarchical.ThrowableCollector.execute(ThrowableCollector.java:73)
	at org.junit.platform.engine.support.hierarchical.NodeTestTask.lambda$executeRecursively$8(NodeTestTask.java:141)
	at org.junit.platform.engine.support.hierarchical.Node.around(Node.java:137)
	at org.junit.platform.engine.support.hierarchical.NodeTestTask.lambda$executeRecursively$9(NodeTestTask.java:139)
	at org.junit.platform.engine.support.hierarchical.ThrowableCollector.execute(ThrowableCollector.java:73)
	at org.junit.platform.engine.support.hierarchical.NodeTestTask.executeRecursively(NodeTestTask.java:138)
	at org.junit.platform.engine.support.hierarchical.NodeTestTask.execute(NodeTestTask.java:95)
	at java.base/java.util.ArrayList.forEach(ArrayList.java:1511)
	at org.junit.platform.engine.support.hierarchical.SameThreadHierarchicalTestExecutorService.invokeAll(SameThreadHierarchicalTestExecutorService.java:41)
	at org.junit.platform.engine.support.hierarchical.NodeTestTask.lambda$executeRecursively$6(NodeTestTask.java:155)
	at org.junit.platform.engine.support.hierarchical.ThrowableCollector.execute(ThrowableCollector.java:73)
	at org.junit.platform.engine.support.hierarchical.NodeTestTask.lambda$executeRecursively$8(NodeTestTask.java:141)
	at org.junit.platform.engine.support.hierarchical.Node.around(Node.java:137)
	at org.junit.platform.engine.support.hierarchical.NodeTestTask.lambda$executeRecursively$9(NodeTestTask.java:139)
	at org.junit.platform.engine.support.hierarchical.ThrowableCollector.execute(ThrowableCollector.java:73)
	at org.junit.platform.engine.support.hierarchical.NodeTestTask.executeRecursively(NodeTestTask.java:138)
	at org.junit.platform.engine.support.hierarchical.NodeTestTask.execute(NodeTestTask.java:95)
	at java.base/java.util.ArrayList.forEach(ArrayList.java:1511)
	at org.junit.platform.engine.support.hierarchical.SameThreadHierarchicalTestExecutorService.invokeAll(SameThreadHierarchicalTestExecutorService.java:41)
	at org.junit.platform.engine.support.hierarchical.NodeTestTask.lambda$executeRecursively$6(NodeTestTask.java:155)
	at org.junit.platform.engine.support.hierarchical.ThrowableCollector.execute(ThrowableCollector.java:73)
	at org.junit.platform.engine.support.hierarchical.NodeTestTask.lambda$executeRecursively$8(NodeTestTask.java:141)
	at org.junit.platform.engine.support.hierarchical.Node.around(Node.java:137)
	at org.junit.platform.engine.support.hierarchical.NodeTestTask.lambda$executeRecursively$9(NodeTestTask.java:139)
	at org.junit.platform.engine.support.hierarchical.ThrowableCollector.execute(ThrowableCollector.java:73)
	at org.junit.platform.engine.support.hierarchical.NodeTestTask.executeRecursively(NodeTestTask.java:138)
	at org.junit.platform.engine.support.hierarchical.NodeTestTask.execute(NodeTestTask.java:95)
	at org.junit.platform.engine.support.hierarchical.SameThreadHierarchicalTestExecutorService.submit(SameThreadHierarchicalTestExecutorService.java:35)
	at org.junit.platform.engine.support.hierarchical.HierarchicalTestExecutor.execute(HierarchicalTestExecutor.java:57)
	at org.junit.platform.engine.support.hierarchical.HierarchicalTestEngine.execute(HierarchicalTestEngine.java:54)
	at org.junit.platform.launcher.core.EngineExecutionOrchestrator.execute(EngineExecutionOrchestrator.java:107)
	at org.junit.platform.launcher.core.EngineExecutionOrchestrator.execute(EngineExecutionOrchestrator.java:88)
	at org.junit.platform.launcher.core.EngineExecutionOrchestrator.lambda$execute$0(EngineExecutionOrchestrator.java:54)
	at org.junit.platform.launcher.core.EngineExecutionOrchestrator.withInterceptedStreams(EngineExecutionOrchestrator.java:67)
	at org.junit.platform.launcher.core.EngineExecutionOrchestrator.execute(EngineExecutionOrchestrator.java:52)
	at org.junit.platform.launcher.core.DefaultLauncher.execute(DefaultLauncher.java:114)
	at org.junit.platform.launcher.core.DefaultLauncher.execute(DefaultLauncher.java:86)
	at org.junit.platform.launcher.core.DefaultLauncherSession$DelegatingLauncher.execute(DefaultLauncherSession.java:86)
	at org.apache.maven.surefire.junitplatform.LazyLauncher.execute(LazyLauncher.java:56)
	at org.apache.maven.surefire.junitplatform.JUnitPlatformProvider.execute(JUnitPlatformProvider.java:194)
	at org.apache.maven.surefire.junitplatform.JUnitPlatformProvider.invokeAllTests(JUnitPlatformProvider.java:150)
	at org.apache.maven.surefire.junitplatform.JUnitPlatformProvider.invoke(JUnitPlatformProvider.java:124)
	at org.apache.maven.surefire.booter.ForkedBooter.runSuitesInProcess(ForkedBooter.java:385)
	at org.apache.maven.surefire.booter.ForkedBooter.execute(ForkedBooter.java:162)
	at org.apache.maven.surefire.booter.ForkedBooter.run(ForkedBooter.java:507)
	at org.apache.maven.surefire.booter.ForkedBooter.main(ForkedBooter.java:495)

cn.kyc.dandanxia.module.infra.service.codegen.inner.CodegenEngineVben5AntdGeneralTest.testExecute_master_inner -- Time elapsed: 0.109 s <<< FAILURE!
org.opentest4j.AssertionFailedError: 生成文件集合不匹配 ==> expected: <[kyc-module-infra/src/main/java/cn.kyc.dandanxia/module/infra/controller/admin/demo/vo/InfraStudentPageReqVO.java, kyc-module-infra/src/main/java/cn.kyc.dandanxia/module/infra/controller/admin/demo/vo/InfraStudentRespVO.java, kyc-module-infra/src/main/java/cn.kyc.dandanxia/module/infra/controller/admin/demo/vo/InfraStudentSaveReqVO.java, kyc-module-infra/src/main/java/cn.kyc.dandanxia/module/infra/controller/admin/demo/InfraStudentController.java, kyc-module-infra/src/main/java/cn.kyc.dandanxia/module/infra/dal/dataobject/demo/InfraStudentDO.java, kyc-module-infra/src/main/java/cn.kyc.dandanxia/module/infra/dal/dataobject/demo/InfraStudentContactDO.java, kyc-module-infra/src/main/java/cn.kyc.dandanxia/module/infra/dal/dataobject/demo/InfraStudentTeacherDO.java, kyc-module-infra/src/main/java/cn.kyc.dandanxia/module/infra/dal/mysql/demo/InfraStudentMapper.java, kyc-module-infra/src/main/java/cn.kyc.dandanxia/module/infra/dal/mysql/demo/InfraStudentContactMapper.java, kyc-module-infra/src/main/java/cn.kyc.dandanxia/module/infra/dal/mysql/demo/InfraStudentTeacherMapper.java, kyc-module-infra/src/main/resources/mapper/demo/InfraStudentMapper.xml, kyc-module-infra/src/main/java/cn.kyc.dandanxia/module/infra/service/demo/InfraStudentServiceImpl.java, kyc-module-infra/src/main/java/cn.kyc.dandanxia/module/infra/service/demo/InfraStudentService.java, kyc-module-infra/src/test/java/cn.kyc.dandanxia/module/infra/service/demo/InfraStudentServiceImplTest.java, kyc-module-infra/src/main/java/cn.kyc.dandanxia/module/infra/enums/ErrorCodeConstants_手动操作.java, sql/sql.sql, sql/h2.sql, kyc-ui-admin-vben/src/views/infra/demo/index.vue, kyc-ui-admin-vben/src/views/infra/demo/modules/form.vue, kyc-ui-admin-vben/src/api/infra/demo/index.ts, kyc-ui-admin-vben/src/views/infra/demo/modules/student-contact-form.vue, kyc-ui-admin-vben/src/views/infra/demo/modules/student-teacher-form.vue, kyc-ui-admin-vben/src/views/infra/demo/modules/student-contact-list.vue, kyc-ui-admin-vben/src/views/infra/demo/modules/student-teacher-list.vue]> but was: <[kyc-module-infra/src/main/java/cn/kyc/dandanxia/module/infra/controller/admin/demo/vo/InfraStudentPageReqVO.java, kyc-module-infra/src/main/java/cn/kyc/dandanxia/module/infra/controller/admin/demo/vo/InfraStudentRespVO.java, kyc-module-infra/src/main/java/cn/kyc/dandanxia/module/infra/controller/admin/demo/vo/InfraStudentSaveReqVO.java, kyc-module-infra/src/main/java/cn/kyc/dandanxia/module/infra/controller/admin/demo/InfraStudentController.java, kyc-module-infra/src/main/java/cn/kyc/dandanxia/module/infra/dal/dataobject/demo/InfraStudentDO.java, kyc-module-infra/src/main/java/cn/kyc/dandanxia/module/infra/dal/dataobject/demo/InfraStudentContactDO.java, kyc-module-infra/src/main/java/cn/kyc/dandanxia/module/infra/dal/dataobject/demo/InfraStudentTeacherDO.java, kyc-module-infra/src/main/java/cn/kyc/dandanxia/module/infra/dal/mysql/demo/InfraStudentMapper.java, kyc-module-infra/src/main/java/cn/kyc/dandanxia/module/infra/dal/mysql/demo/InfraStudentContactMapper.java, kyc-module-infra/src/main/java/cn/kyc/dandanxia/module/infra/dal/mysql/demo/InfraStudentTeacherMapper.java, kyc-module-infra/src/main/resources/mapper/demo/InfraStudentMapper.xml, kyc-module-infra/src/main/java/cn/kyc/dandanxia/module/infra/service/demo/InfraStudentServiceImpl.java, kyc-module-infra/src/main/java/cn/kyc/dandanxia/module/infra/service/demo/InfraStudentService.java, kyc-module-infra/src/test/java/cn/kyc/dandanxia/module/infra/service/demo/InfraStudentServiceImplTest.java, kyc-module-infra/src/main/java/cn/kyc/dandanxia/module/infra/enums/ErrorCodeConstants_手动操作.java, sql/sql.sql, sql/h2.sql, kyc-ui-admin-vben/src/views/infra/demo/index.vue, kyc-ui-admin-vben/src/views/infra/demo/modules/form.vue, kyc-ui-admin-vben/src/api/infra/demo/index.ts, kyc-ui-admin-vben/src/views/infra/demo/modules/student-contact-form.vue, kyc-ui-admin-vben/src/views/infra/demo/modules/student-teacher-form.vue, kyc-ui-admin-vben/src/views/infra/demo/modules/student-contact-list.vue, kyc-ui-admin-vben/src/views/infra/demo/modules/student-teacher-list.vue]>
	at org.junit.jupiter.api.AssertionUtils.fail(AssertionUtils.java:55)
	at org.junit.jupiter.api.AssertionUtils.failNotEqual(AssertionUtils.java:62)
	at org.junit.jupiter.api.AssertEquals.assertEquals(AssertEquals.java:182)
	at org.junit.jupiter.api.Assertions.assertEquals(Assertions.java:1152)
	at cn.kyc.dandanxia.module.infra.service.codegen.inner.CodegenEngineAbstractTest.assertResult(CodegenEngineAbstractTest.java:106)
	at cn.kyc.dandanxia.module.infra.service.codegen.inner.CodegenEngineVben5AntdGeneralTest.testExecute_master(CodegenEngineVben5AntdGeneralTest.java:106)
	at cn.kyc.dandanxia.module.infra.service.codegen.inner.CodegenEngineVben5AntdGeneralTest.testExecute_master_inner(CodegenEngineVben5AntdGeneralTest.java:80)
	at java.base/jdk.internal.reflect.NativeMethodAccessorImpl.invoke0(Native Method)
	at java.base/jdk.internal.reflect.NativeMethodAccessorImpl.invoke(NativeMethodAccessorImpl.java:77)
	at java.base/jdk.internal.reflect.DelegatingMethodAccessorImpl.invoke(DelegatingMethodAccessorImpl.java:43)
	at java.base/java.lang.reflect.Method.invoke(Method.java:568)
	at org.junit.platform.commons.util.ReflectionUtils.invokeMethod(ReflectionUtils.java:725)
	at org.junit.jupiter.engine.execution.MethodInvocation.proceed(MethodInvocation.java:60)
	at org.junit.jupiter.engine.execution.InvocationInterceptorChain$ValidatingInvocation.proceed(InvocationInterceptorChain.java:131)
	at org.junit.jupiter.engine.extension.TimeoutExtension.intercept(TimeoutExtension.java:149)
	at org.junit.jupiter.engine.extension.TimeoutExtension.interceptTestableMethod(TimeoutExtension.java:140)
	at org.junit.jupiter.engine.extension.TimeoutExtension.interceptTestMethod(TimeoutExtension.java:84)
	at org.junit.jupiter.engine.execution.ExecutableInvoker$ReflectiveInterceptorCall.lambda$ofVoidMethod$0(ExecutableInvoker.java:115)
	at org.junit.jupiter.engine.execution.ExecutableInvoker.lambda$invoke$0(ExecutableInvoker.java:105)
	at org.junit.jupiter.engine.execution.InvocationInterceptorChain$InterceptedInvocation.proceed(InvocationInterceptorChain.java:106)
	at org.junit.jupiter.engine.execution.InvocationInterceptorChain.proceed(InvocationInterceptorChain.java:64)
	at org.junit.jupiter.engine.execution.InvocationInterceptorChain.chainAndInvoke(InvocationInterceptorChain.java:45)
	at org.junit.jupiter.engine.execution.InvocationInterceptorChain.invoke(InvocationInterceptorChain.java:37)
	at org.junit.jupiter.engine.execution.ExecutableInvoker.invoke(ExecutableInvoker.java:104)
	at org.junit.jupiter.engine.execution.ExecutableInvoker.invoke(ExecutableInvoker.java:98)
	at org.junit.jupiter.engine.descriptor.TestMethodTestDescriptor.lambda$invokeTestMethod$7(TestMethodTestDescriptor.java:214)
	at org.junit.platform.engine.support.hierarchical.ThrowableCollector.execute(ThrowableCollector.java:73)
	at org.junit.jupiter.engine.descriptor.TestMethodTestDescriptor.invokeTestMethod(TestMethodTestDescriptor.java:210)
	at org.junit.jupiter.engine.descriptor.TestMethodTestDescriptor.execute(TestMethodTestDescriptor.java:135)
	at org.junit.jupiter.engine.descriptor.TestMethodTestDescriptor.execute(TestMethodTestDescriptor.java:66)
	at org.junit.platform.engine.support.hierarchical.NodeTestTask.lambda$executeRecursively$6(NodeTestTask.java:151)
	at org.junit.platform.engine.support.hierarchical.ThrowableCollector.execute(ThrowableCollector.java:73)
	at org.junit.platform.engine.support.hierarchical.NodeTestTask.lambda$executeRecursively$8(NodeTestTask.java:141)
	at org.junit.platform.engine.support.hierarchical.Node.around(Node.java:137)
	at org.junit.platform.engine.support.hierarchical.NodeTestTask.lambda$executeRecursively$9(NodeTestTask.java:139)
	at org.junit.platform.engine.support.hierarchical.ThrowableCollector.execute(ThrowableCollector.java:73)
	at org.junit.platform.engine.support.hierarchical.NodeTestTask.executeRecursively(NodeTestTask.java:138)
	at org.junit.platform.engine.support.hierarchical.NodeTestTask.execute(NodeTestTask.java:95)
	at java.base/java.util.ArrayList.forEach(ArrayList.java:1511)
	at org.junit.platform.engine.support.hierarchical.SameThreadHierarchicalTestExecutorService.invokeAll(SameThreadHierarchicalTestExecutorService.java:41)
	at org.junit.platform.engine.support.hierarchical.NodeTestTask.lambda$executeRecursively$6(NodeTestTask.java:155)
	at org.junit.platform.engine.support.hierarchical.ThrowableCollector.execute(ThrowableCollector.java:73)
	at org.junit.platform.engine.support.hierarchical.NodeTestTask.lambda$executeRecursively$8(NodeTestTask.java:141)
	at org.junit.platform.engine.support.hierarchical.Node.around(Node.java:137)
	at org.junit.platform.engine.support.hierarchical.NodeTestTask.lambda$executeRecursively$9(NodeTestTask.java:139)
	at org.junit.platform.engine.support.hierarchical.ThrowableCollector.execute(ThrowableCollector.java:73)
	at org.junit.platform.engine.support.hierarchical.NodeTestTask.executeRecursively(NodeTestTask.java:138)
	at org.junit.platform.engine.support.hierarchical.NodeTestTask.execute(NodeTestTask.java:95)
	at java.base/java.util.ArrayList.forEach(ArrayList.java:1511)
	at org.junit.platform.engine.support.hierarchical.SameThreadHierarchicalTestExecutorService.invokeAll(SameThreadHierarchicalTestExecutorService.java:41)
	at org.junit.platform.engine.support.hierarchical.NodeTestTask.lambda$executeRecursively$6(NodeTestTask.java:155)
	at org.junit.platform.engine.support.hierarchical.ThrowableCollector.execute(ThrowableCollector.java:73)
	at org.junit.platform.engine.support.hierarchical.NodeTestTask.lambda$executeRecursively$8(NodeTestTask.java:141)
	at org.junit.platform.engine.support.hierarchical.Node.around(Node.java:137)
	at org.junit.platform.engine.support.hierarchical.NodeTestTask.lambda$executeRecursively$9(NodeTestTask.java:139)
	at org.junit.platform.engine.support.hierarchical.ThrowableCollector.execute(ThrowableCollector.java:73)
	at org.junit.platform.engine.support.hierarchical.NodeTestTask.executeRecursively(NodeTestTask.java:138)
	at org.junit.platform.engine.support.hierarchical.NodeTestTask.execute(NodeTestTask.java:95)
	at org.junit.platform.engine.support.hierarchical.SameThreadHierarchicalTestExecutorService.submit(SameThreadHierarchicalTestExecutorService.java:35)
	at org.junit.platform.engine.support.hierarchical.HierarchicalTestExecutor.execute(HierarchicalTestExecutor.java:57)
	at org.junit.platform.engine.support.hierarchical.HierarchicalTestEngine.execute(HierarchicalTestEngine.java:54)
	at org.junit.platform.launcher.core.EngineExecutionOrchestrator.execute(EngineExecutionOrchestrator.java:107)
	at org.junit.platform.launcher.core.EngineExecutionOrchestrator.execute(EngineExecutionOrchestrator.java:88)
	at org.junit.platform.launcher.core.EngineExecutionOrchestrator.lambda$execute$0(EngineExecutionOrchestrator.java:54)
	at org.junit.platform.launcher.core.EngineExecutionOrchestrator.withInterceptedStreams(EngineExecutionOrchestrator.java:67)
	at org.junit.platform.launcher.core.EngineExecutionOrchestrator.execute(EngineExecutionOrchestrator.java:52)
	at org.junit.platform.launcher.core.DefaultLauncher.execute(DefaultLauncher.java:114)
	at org.junit.platform.launcher.core.DefaultLauncher.execute(DefaultLauncher.java:86)
	at org.junit.platform.launcher.core.DefaultLauncherSession$DelegatingLauncher.execute(DefaultLauncherSession.java:86)
	at org.apache.maven.surefire.junitplatform.LazyLauncher.execute(LazyLauncher.java:56)
	at org.apache.maven.surefire.junitplatform.JUnitPlatformProvider.execute(JUnitPlatformProvider.java:194)
	at org.apache.maven.surefire.junitplatform.JUnitPlatformProvider.invokeAllTests(JUnitPlatformProvider.java:150)
	at org.apache.maven.surefire.junitplatform.JUnitPlatformProvider.invoke(JUnitPlatformProvider.java:124)
	at org.apache.maven.surefire.booter.ForkedBooter.runSuitesInProcess(ForkedBooter.java:385)
	at org.apache.maven.surefire.booter.ForkedBooter.execute(ForkedBooter.java:162)
	at org.apache.maven.surefire.booter.ForkedBooter.run(ForkedBooter.java:507)
	at org.apache.maven.surefire.booter.ForkedBooter.main(ForkedBooter.java:495)

