<?xml version="1.0" encoding="UTF-8"?>
<testsuite xmlns:xsi="http://www.w3.org/2001/XMLSchema-instance" xsi:noNamespaceSchemaLocation="https://maven.apache.org/surefire/maven-surefire-plugin/xsd/surefire-test-report.xsd" version="3.0.2" name="cn.kyc.dandanxia.module.infra.service.config.ConfigServiceImplTest" time="1.779" tests="12" errors="0" skipped="0" failures="0">
  <properties>
[...]
</properties>
  <testcase name="testGetConfigByKey" classname="cn.kyc.dandanxia.module.infra.service.config.ConfigServiceImplTest" time="0.078">
    <system-out><![CDATA[ _ _   |_  _ _|_. ___ _ |    _ 
| | |\/|_)(_| | |_\  |_)||_|_\ 
     /               |         
                        3.5.16 
]]></system-out>
  </testcase>
  <testcase name="testGetConfigPage" classname="cn.kyc.dandanxia.module.infra.service.config.ConfigServiceImplTest" time="0.045"/>
  <testcase name="testUpdateConfig_success" classname="cn.kyc.dandanxia.module.infra.service.config.ConfigServiceImplTest" time="0.127"/>
  <testcase name="testValidateConfigKeyUnique_keyDuplicateForCreate" classname="cn.kyc.dandanxia.module.infra.service.config.ConfigServiceImplTest" time="0.02"/>
  <testcase name="testCreateConfig_success" classname="cn.kyc.dandanxia.module.infra.service.config.ConfigServiceImplTest" time="0.005"/>
  <testcase name="testValidateConfigKeyUnique_keyDuplicateForUpdate" classname="cn.kyc.dandanxia.module.infra.service.config.ConfigServiceImplTest" time="0.019"/>
  <testcase name="testDeleteConfig_success" classname="cn.kyc.dandanxia.module.infra.service.config.ConfigServiceImplTest" time="0.054"/>
  <testcase name="testDeleteConfig_canNotDeleteSystemType" classname="cn.kyc.dandanxia.module.infra.service.config.ConfigServiceImplTest" time="0.078"/>
  <testcase name="testGetConfig" classname="cn.kyc.dandanxia.module.infra.service.config.ConfigServiceImplTest" time="0.011"/>
  <testcase name="testValidateConfigExists_success" classname="cn.kyc.dandanxia.module.infra.service.config.ConfigServiceImplTest" time="0.006"/>
  <testcase name="testValidateConfigExist_notExists" classname="cn.kyc.dandanxia.module.infra.service.config.ConfigServiceImplTest" time="0.023"/>
  <testcase name="testValidateConfigKeyUnique_success" classname="cn.kyc.dandanxia.module.infra.service.config.ConfigServiceImplTest" time="0.017"/>
</testsuite>